"../../../../../Unreal Projects/KingSlayer/Content/Geometry/Meshes/CubeMaterial.uasset" 0
"../../../../../Unreal Projects/KingSlayer/Content/Geometry/Meshes/1M_Cube.uasset" 1
"../../../../../Unreal Projects/KingSlayer/Content/Geometry/Meshes/1M_Cube_Chamfer.uasset" 2
"../../../../../Unreal Projects/KingSlayer/Content/KingSlayer/Materials/Hero/M_HeroMat.uasset" 3
"../../../../../Unreal Projects/KingSlayer/Content/KingSlayer/Textures/Sprites/Environment/CastleTileset.uasset" 4
"../../../../../Unreal Projects/KingSlayer/Content/KingSlayer/Textures/Sprites/Environment/CastleTileset_Environment_0.uasset" 5
"../../../../../Unreal Projects/KingSlayer/Content/KingSlayer/Textures/Sprites/Environment/CastleTileset_Environment_10.uasset" 6
"../../../../../Unreal Projects/KingSlayer/Content/KingSlayer/Textures/Sprites/Environment/CastleTileset_Environment_11.uasset" 7
"../../../../../Unreal Projects/KingSlayer/Content/KingSlayer/Textures/Sprites/Environment/CastleTileset_Environment_12.uasset" 8
"../../../../../Unreal Projects/KingSlayer/Content/KingSlayer/Textures/Sprites/Environment/CastleTileset_Environment_13.uasset" 9
"../../../../../Unreal Projects/KingSlayer/Content/KingSlayer/Textures/Sprites/Environment/CastleTileset_Environment_14.uasset" 10
"../../../../../Unreal Projects/KingSlayer/Content/KingSlayer/Textures/Sprites/Environment/CastleTileset_Environment_15.uasset" 11
"../../../../../Unreal Projects/KingSlayer/Content/KingSlayer/Textures/Sprites/Environment/CastleTileset_Environment_16.uasset" 12
"../../../../../Unreal Projects/KingSlayer/Content/KingSlayer/Textures/Sprites/Environment/CastleTileset_Environment_17.uasset" 13
"../../../../../Unreal Projects/KingSlayer/Content/KingSlayer/Textures/Sprites/Environment/CastleTileset_Environment_2.uasset" 14
"../../../../../Unreal Projects/KingSlayer/Content/KingSlayer/Textures/Sprites/Environment/CastleTileset_Environment_3.uasset" 15
"../../../../../Unreal Projects/KingSlayer/Content/KingSlayer/Textures/Sprites/Environment/CastleTileset_Environment_4.uasset" 16
"../../../../../Unreal Projects/KingSlayer/Content/KingSlayer/Textures/Sprites/Environment/CastleTileset_Environment_5.uasset" 17
"../../../../../Unreal Projects/KingSlayer/Content/KingSlayer/Textures/Sprites/Environment/CastleTileset_Environment_6.uasset" 18
"../../../../../Unreal Projects/KingSlayer/Content/KingSlayer/Textures/Sprites/Environment/CastleTileset_Environment_7.uasset" 19
"../../../../../Unreal Projects/KingSlayer/Content/KingSlayer/Textures/Sprites/Environment/CastleTileset_Environment_8.uasset" 20
"../../../../../Unreal Projects/KingSlayer/Content/KingSlayer/Textures/Sprites/Environment/CastleTileset_Environment_9.uasset" 21
"../../../../../Unreal Projects/KingSlayer/Content/KingSlayer/Textures/Sprites/Environment/SpriteSheet.uasset" 22
"../../../../../Unreal Projects/KingSlayer/Content/KingSlayer/Textures/Sprites/Environment/SpriteSheet_Environment_0.uasset" 23
"../../../../../Unreal Projects/KingSlayer/Content/KingSlayer/Textures/Sprites/Environment/SpriteSheet_Environment_10.uasset" 24
"../../../../../Unreal Projects/KingSlayer/Content/KingSlayer/Textures/Sprites/Environment/SpriteSheet_Environment_11.uasset" 25
"../../../../../Unreal Projects/KingSlayer/Content/KingSlayer/Textures/Sprites/Environment/SpriteSheet_Environment_12.uasset" 26
"../../../../../Unreal Projects/KingSlayer/Content/KingSlayer/Textures/Sprites/Environment/SpriteSheet_Environment_13.uasset" 27
"../../../../../Unreal Projects/KingSlayer/Content/KingSlayer/Textures/Sprites/Environment/SpriteSheet_Environment_14.uasset" 28
"../../../../../Unreal Projects/KingSlayer/Content/KingSlayer/Textures/Sprites/Environment/SpriteSheet_Environment_15.uasset" 29
"../../Plugins/2D/Paper2D/Content/PlaceholderTextures/DummySpriteTexture.uasset" 30
"../../Plugins/2D/Paper2D/Content/DefaultSpriteMaterial.uasset" 31
"../../Plugins/2D/Paper2D/Content/TranslucentUnlitSpriteMaterial.uasset" 32
"../../../../../Unreal Projects/KingSlayer/Content/KingSlayer/Textures/Sprites/Environment/SpriteSheet_Environment_16.uasset" 33
"../../../../../Unreal Projects/KingSlayer/Content/KingSlayer/Textures/Sprites/Environment/SpriteSheet_Environment_17.uasset" 34
"../../../../../Unreal Projects/KingSlayer/Content/KingSlayer/Textures/Sprites/Environment/SpriteSheet_Environment_18.uasset" 35
"../../../../../Unreal Projects/KingSlayer/Content/KingSlayer/Textures/Sprites/Environment/SpriteSheet_Environment_19.uasset" 36
"../../../../../Unreal Projects/KingSlayer/Content/KingSlayer/Textures/Sprites/Environment/SpriteSheet_Environment_20.uasset" 37
"../../../../../Unreal Projects/KingSlayer/Content/KingSlayer/Textures/Sprites/Environment/SpriteSheet_Environment_21.uasset" 38
"../../../../../Unreal Projects/KingSlayer/Content/KingSlayer/Textures/Sprites/Environment/SpriteSheet_Environment_22.uasset" 39
"../../../../../Unreal Projects/KingSlayer/Content/KingSlayer/Textures/Sprites/Environment/SpriteSheet_Environment_23.uasset" 40
"../../../../../Unreal Projects/KingSlayer/Content/KingSlayer/Textures/Sprites/Environment/SpriteSheet_Environment_24.uasset" 41
"../../../../../Unreal Projects/KingSlayer/Content/KingSlayer/Textures/Sprites/Environment/SpriteSheet_Environment_25.uasset" 42
"../../../../../Unreal Projects/KingSlayer/Content/KingSlayer/Textures/Sprites/Environment/SpriteSheet_Environment_26.uasset" 43
"../../../../../Unreal Projects/KingSlayer/Content/KingSlayer/Textures/Sprites/Environment/SpriteSheet_Environment_27.uasset" 44
"../../../../../Unreal Projects/KingSlayer/Content/KingSlayer/Textures/Sprites/Environment/SpriteSheet_Environment_28.uasset" 45
"../../../../../Unreal Projects/KingSlayer/Content/KingSlayer/Textures/Sprites/Environment/SpriteSheet_Environment_29.uasset" 46
"../../../../../Unreal Projects/KingSlayer/Content/KingSlayer/Textures/Sprites/Environment/SpriteSheet_Environment_30.uasset" 47
"../../../../../Unreal Projects/KingSlayer/Content/KingSlayer/Textures/Sprites/Environment/SpriteSheet_Environment_31.uasset" 48
"../../../../../Unreal Projects/KingSlayer/Content/KingSlayer/Textures/Sprites/Environment/SpriteSheet_Environment_32.uasset" 49
"../../../../../Unreal Projects/KingSlayer/Content/KingSlayer/Textures/Sprites/Environment/SpriteSheet_Environment_33.uasset" 50
"../../../../../Unreal Projects/KingSlayer/Content/KingSlayer/Textures/Sprites/Environment/SpriteSheet_Environment_34.uasset" 51
"../../../../../Unreal Projects/KingSlayer/Content/KingSlayer/Textures/Sprites/Environment/SpriteSheet_Environment_4.uasset" 52
"../../../../../Unreal Projects/KingSlayer/Content/KingSlayer/Textures/Sprites/Environment/SpriteSheet_Environment_5.uasset" 53
"../../../../../Unreal Projects/KingSlayer/Content/KingSlayer/Textures/Sprites/Environment/SpriteSheet_Environment_6.uasset" 54
"../../../../../Unreal Projects/KingSlayer/Content/KingSlayer/Textures/Sprites/Environment/SpriteSheet_Environment_8.uasset" 55
"../../../../../Unreal Projects/KingSlayer/Content/KingSlayer/Textures/Sprites/Environment/TileSet1.uasset" 56
"../../../../../Unreal Projects/KingSlayer/Content/KingSlayer/Textures/Sprites/Environment/TileSet1_Sprite_1.uasset" 57
"../../../../../Unreal Projects/KingSlayer/Content/KingSlayer/Textures/Sprites/Environment/TileSet1_Sprite_10.uasset" 58
"../../../../../Unreal Projects/KingSlayer/Content/KingSlayer/Textures/Sprites/Environment/TileSet1_Sprite_11.uasset" 59
"../../../../../Unreal Projects/KingSlayer/Content/KingSlayer/Textures/Sprites/Environment/TileSet1_Sprite_12.uasset" 60
"../../../../../Unreal Projects/KingSlayer/Content/KingSlayer/Textures/Sprites/Environment/TileSet1_Sprite_13.uasset" 61
"../../../../../Unreal Projects/KingSlayer/Content/KingSlayer/Textures/Sprites/Environment/TileSet1_Sprite_14.uasset" 62
"../../../../../Unreal Projects/KingSlayer/Content/KingSlayer/Textures/Sprites/Environment/TileSet1_Sprite_15.uasset" 63
"../../../../../Unreal Projects/KingSlayer/Content/KingSlayer/Textures/Sprites/Environment/TileSet1_Sprite_16.uasset" 64
"../../../../../Unreal Projects/KingSlayer/Content/KingSlayer/Textures/Sprites/Environment/TileSet1_Sprite_17.uasset" 65
"../../../../../Unreal Projects/KingSlayer/Content/KingSlayer/Textures/Sprites/Environment/TileSet1_Sprite_18.uasset" 66
"../../../../../Unreal Projects/KingSlayer/Content/KingSlayer/Textures/Sprites/Environment/TileSet1_Sprite_19.uasset" 67
"../../../../../Unreal Projects/KingSlayer/Content/KingSlayer/Textures/Sprites/Environment/TileSet1_Sprite_2.uasset" 68
"../../../../../Unreal Projects/KingSlayer/Content/KingSlayer/Textures/Sprites/Environment/TileSet1_Sprite_20.uasset" 69
"../../../../../Unreal Projects/KingSlayer/Content/KingSlayer/Textures/Sprites/Environment/TileSet1_Sprite_21.uasset" 70
"../../../../../Unreal Projects/KingSlayer/Content/KingSlayer/Textures/Sprites/Environment/TileSet1_Sprite_22.uasset" 71
"../../../../../Unreal Projects/KingSlayer/Content/KingSlayer/Textures/Sprites/Environment/TileSet1_Sprite_23.uasset" 72
"../../../../../Unreal Projects/KingSlayer/Content/KingSlayer/Textures/Sprites/Environment/TileSet1_Sprite_24.uasset" 73
"../../../../../Unreal Projects/KingSlayer/Content/KingSlayer/Textures/Sprites/Environment/TileSet1_Sprite_25.uasset" 74
"../../../../../Unreal Projects/KingSlayer/Content/KingSlayer/Textures/Sprites/Environment/TileSet1_Sprite_26.uasset" 75
"../../../../../Unreal Projects/KingSlayer/Content/KingSlayer/Textures/Sprites/Environment/TileSet1_Sprite_27.uasset" 76
"../../../../../Unreal Projects/KingSlayer/Content/KingSlayer/Textures/Sprites/Environment/TileSet1_Sprite_28.uasset" 77
"../../../../../Unreal Projects/KingSlayer/Content/KingSlayer/Textures/Sprites/Environment/TileSet1_Sprite_29.uasset" 78
"../../../../../Unreal Projects/KingSlayer/Content/KingSlayer/Textures/Sprites/Environment/TileSet1_Sprite_3.uasset" 79
"../../../../../Unreal Projects/KingSlayer/Content/KingSlayer/Textures/Sprites/Environment/TileSet1_Sprite_30.uasset" 80
"../../../../../Unreal Projects/KingSlayer/Content/KingSlayer/Textures/Sprites/Environment/TileSet1_Sprite_31.uasset" 81
"../../../../../Unreal Projects/KingSlayer/Content/KingSlayer/Textures/Sprites/Environment/TileSet1_Sprite_32.uasset" 82
"../../../../../Unreal Projects/KingSlayer/Content/KingSlayer/Textures/Sprites/Environment/TileSet1_Sprite_33.uasset" 83
"../../../../../Unreal Projects/KingSlayer/Content/KingSlayer/Textures/Sprites/Environment/TileSet1_Sprite_34.uasset" 84
"../../../../../Unreal Projects/KingSlayer/Content/KingSlayer/Textures/Sprites/Environment/TileSet1_Sprite_4.uasset" 85
"../../../../../Unreal Projects/KingSlayer/Content/KingSlayer/Textures/Sprites/Environment/TileSet1_Sprite_5.uasset" 86
"../../../../../Unreal Projects/KingSlayer/Content/KingSlayer/Textures/Sprites/Environment/TileSet1_Sprite_6.uasset" 87
"../../../../../Unreal Projects/KingSlayer/Content/KingSlayer/Textures/Sprites/Environment/TileSet1_Sprite_7.uasset" 88
"../../../../../Unreal Projects/KingSlayer/Content/KingSlayer/Textures/Sprites/Environment/TileSet1_Sprite_8.uasset" 89
"../../../../../Unreal Projects/KingSlayer/Content/KingSlayer/Textures/Sprites/Environment/TileSet1_Sprite_9.uasset" 90
"../../../../../Unreal Projects/KingSlayer/Content/KingSlayer/Textures/Sprites/Hero/Jump/Jump_down_left.uasset" 91
"../../../../../Unreal Projects/KingSlayer/Content/KingSlayer/Textures/Sprites/Hero/Jump/Jump_down_left_Hero_10.uasset" 92
"../../../../../Unreal Projects/KingSlayer/Content/Mannequin/Character/Mesh/UE4_Mannequin_Skeleton.uasset" 93
"../../../../../Unreal Projects/KingSlayer/Content/Mannequin/Animations/ThirdPersonJump_End.uasset" 94
"../../../../../Unreal Projects/KingSlayer/Content/Mannequin/Character/Mesh/SK_Mannequin_Female_PhysicsAsset.uasset" 95
"../../../../../Unreal Projects/KingSlayer/Content/Mannequin/Character/Textures/T_UE4Logo_N.uasset" 96
"../../../../../Unreal Projects/KingSlayer/Content/Mannequin/Character/Textures/T_UE4Logo_Mask.uasset" 97
"../../../../../Unreal Projects/KingSlayer/Content/Mannequin/Character/Textures/T_Male_N.uasset" 98
"../../../../../Unreal Projects/KingSlayer/Content/Mannequin/Character/Textures/T_Male_Mask.uasset" 99
"../../../../../Unreal Projects/KingSlayer/Content/Mannequin/Character/Materials/MaterialLayers/T_ML_Rubber_Blue_01_N.uasset" 100
"../../../../../Unreal Projects/KingSlayer/Content/Mannequin/Character/Materials/MaterialLayers/T_ML_Rubber_Blue_01_D.uasset" 101
"../../../../../Unreal Projects/KingSlayer/Content/Mannequin/Character/Materials/MaterialLayers/T_ML_Aluminum01_N.uasset" 102
"../../../../../Unreal Projects/KingSlayer/Content/Mannequin/Character/Materials/MaterialLayers/T_ML_Aluminum01.uasset" 103
"../../../../../Unreal Projects/KingSlayer/Content/Mannequin/Character/Materials/MaterialLayers/ML_SoftMetal_UE4.uasset" 104
"../../../../../Unreal Projects/KingSlayer/Content/Mannequin/Character/Materials/MaterialLayers/ML_Plastic_Shiny_Beige_LOGO.uasset" 105
"../../../../../Unreal Projects/KingSlayer/Content/Mannequin/Character/Materials/MaterialLayers/ML_Plastic_Shiny_Beige.uasset" 106
"../../../../../Unreal Projects/KingSlayer/Content/Mannequin/Character/Materials/MaterialLayers/ML_GlossyBlack_Latex_UE4.uasset" 107
"../../../Engine/Content/Functions/MaterialLayerFunctions/MatLayerBlend_Simple.uasset" 108
"../../../Engine/Content/Functions/Engine_MaterialFunctions02/Utility/BlendAngleCorrectedNormals.uasset" 109
"../../../Engine/Content/Functions/MaterialLayerFunctions/MatLayerBlend_NormalBlend.uasset" 110
"../../../../../Unreal Projects/KingSlayer/Content/Mannequin/Character/Materials/M_Male_Body.uasset" 111
"../../../../../Unreal Projects/KingSlayer/Content/Mannequin/Character/Materials/M_UE4Man_ChestLogo.uasset" 112
"../../../../../Unreal Projects/KingSlayer/Content/Mannequin/Character/Textures/T_Female_N.uasset" 113
"../../../../../Unreal Projects/KingSlayer/Content/Mannequin/Character/Textures/T_Female_Mask.uasset" 114
"../../../../../Unreal Projects/KingSlayer/Content/Mannequin/Character/Materials/MI_Female_Body.uasset" 115
"../../../../../Unreal Projects/KingSlayer/Content/Mannequin/Character/Mesh/SK_Mannequin_Female.uasset" 116
"../../../../../Unreal Projects/KingSlayer/Content/StarterContent/Materials/M_Basic_Wall.uasset" 117
"../../../../../Unreal Projects/KingSlayer/Content/StarterContent/Architecture/Pillar_50x500.uasset" 118
"../../../../../Unreal Projects/KingSlayer/Content/StarterContent/Architecture/Wall_400x300.uasset" 119
"../../../../../Unreal Projects/KingSlayer/Content/StarterContent/Architecture/Wall_400x400.uasset" 120
"../../../../../Unreal Projects/KingSlayer/Content/StarterContent/Architecture/Wall_500x500.uasset" 121
"../../../../../Unreal Projects/KingSlayer/Content/StarterContent/Architecture/Wall_Door_400x400.uasset" 122
"../../../../../Unreal Projects/KingSlayer/Content/StarterContent/Architecture/Wall_Window_400x400.uasset" 123
"../../../../../Unreal Projects/KingSlayer/Content/StarterContent/Audio/Collapse01.uasset" 124
"../../../../../Unreal Projects/KingSlayer/Content/StarterContent/Audio/Collapse02.uasset" 125
"../../../../../Unreal Projects/KingSlayer/Content/StarterContent/Audio/Explosion01.uasset" 126
"../../../../../Unreal Projects/KingSlayer/Content/StarterContent/Audio/Explosion02.uasset" 127
"../../../../../Unreal Projects/KingSlayer/Content/StarterContent/Audio/Fire01.uasset" 128
"../../../../../Unreal Projects/KingSlayer/Content/StarterContent/Audio/Fire_Sparks01.uasset" 129
"../../../../../Unreal Projects/KingSlayer/Content/StarterContent/Audio/Light01.uasset" 130
"../../../../../Unreal Projects/KingSlayer/Content/StarterContent/Audio/Light01_Cue.uasset" 131
"../../../../../Unreal Projects/KingSlayer/Content/StarterContent/Audio/Light02.uasset" 132
"../../../../../Unreal Projects/KingSlayer/Content/StarterContent/Audio/Light02_Cue.uasset" 133
"../../../../../Unreal Projects/KingSlayer/Content/StarterContent/Audio/Smoke01.uasset" 134
"../../../../../Unreal Projects/KingSlayer/Content/StarterContent/Audio/Starter_Birds01.uasset" 135
"../../../../../Unreal Projects/KingSlayer/Content/StarterContent/Audio/Starter_Music01.uasset" 136
"../../../../../Unreal Projects/KingSlayer/Content/StarterContent/Audio/Starter_Wind05.uasset" 137
"../../../../../Unreal Projects/KingSlayer/Content/StarterContent/Audio/Starter_Wind06.uasset" 138
"../../../../../Unreal Projects/KingSlayer/Content/StarterContent/Audio/Steam01.uasset" 139
"../../../../../Unreal Projects/KingSlayer/Content/StarterContent/Textures/T_Smoke_Tiled_D.uasset" 140
"../../../../../Unreal Projects/KingSlayer/Content/StarterContent/Textures/T_Smoke_SubUV.uasset" 141
"../../../../../Unreal Projects/KingSlayer/Content/StarterContent/Particles/Materials/M_smoke_subUV.uasset" 142
"../../../Engine/Content/Functions/Engine_MaterialFunctions01/Gradient/RadialGradient.uasset" 143
"../../../../../Unreal Projects/KingSlayer/Content/StarterContent/Particles/Materials/M_radial_ramp.uasset" 144
"../../../../../Unreal Projects/KingSlayer/Content/StarterContent/Particles/Materials/m_flare_01.uasset" 145
"../../../../../Unreal Projects/KingSlayer/Content/StarterContent/Textures/T_Explosion_SubUV.uasset" 146
"../../../../../Unreal Projects/KingSlayer/Content/StarterContent/Particles/Materials/M_explosion_subUV.uasset" 147
"../../../../../Unreal Projects/KingSlayer/Content/StarterContent/Textures/T_Burst_M.uasset" 148
"../../../../../Unreal Projects/KingSlayer/Content/StarterContent/Particles/Materials/M_Burst.uasset" 149
"../../../../../Unreal Projects/KingSlayer/Content/StarterContent/Particles/P_Explosion.uasset" 150
"../../../../../Unreal Projects/KingSlayer/Content/StarterContent/Audio/Explosion_Cue.uasset" 151
"../../../../../Unreal Projects/KingSlayer/Content/StarterContent/Blueprints/Blueprint_Effect_Explosion.uasset" 152
"../../../Engine/Content/EditorMeshes/ColorCalibrator/T_ColorGrid.uasset" 153
"../../../../../Unreal Projects/KingSlayer/Content/StarterContent/Materials/M_ColorGrid_LowSpec.uasset" 154
"../../../../../Unreal Projects/KingSlayer/Content/StarterContent/Textures/T_Bush_N.uasset" 155
"../../../../../Unreal Projects/KingSlayer/Content/StarterContent/Textures/T_Bush_D.uasset" 156
"../../../../../Unreal Projects/KingSlayer/Content/StarterContent/Props/Materials/M_Bush.uasset" 157
"../../../../../Unreal Projects/KingSlayer/Content/StarterContent/Props/SM_Bush.uasset" 158
"../../../../../Unreal Projects/KingSlayer/Content/StarterContent/Textures/T_Chair_N.uasset" 159
"../../../../../Unreal Projects/KingSlayer/Content/StarterContent/Textures/T_Chair_M.uasset" 160
"../../../../../Unreal Projects/KingSlayer/Content/StarterContent/Props/Materials/M_Chair.uasset" 161
"../../../../../Unreal Projects/KingSlayer/Content/StarterContent/Props/SM_Couch.uasset" 162
"../../../../../Unreal Projects/KingSlayer/Content/StarterContent/Textures/T_Door_N.uasset" 163
"../../../../../Unreal Projects/KingSlayer/Content/StarterContent/Textures/T_Door_M.uasset" 164
"../../../../../Unreal Projects/KingSlayer/Content/StarterContent/Props/Materials/M_Door.uasset" 165
"../../../../../Unreal Projects/KingSlayer/Content/StarterContent/Materials/M_Glass.uasset" 166
"../../../../../Unreal Projects/KingSlayer/Content/StarterContent/Props/SM_Door.uasset" 167
"../../../../../Unreal Projects/KingSlayer/Content/StarterContent/Props/Materials/M_MaterialSphere_Plain.uasset" 168
"../../../../../Unreal Projects/KingSlayer/Content/StarterContent/Props/Materials/M_MaterialSphere.uasset" 169
"../../../../../Unreal Projects/KingSlayer/Content/StarterContent/Props/SM_MatPreviewMesh_02.uasset" 170
"../../../../../Unreal Projects/KingSlayer/Content/StarterContent/Textures/T_RockMesh_N.uasset" 171
"../../../../../Unreal Projects/KingSlayer/Content/StarterContent/Textures/T_RockMesh_M.uasset" 172
"../../../../../Unreal Projects/KingSlayer/Content/StarterContent/Textures/T_Detail_Rocky_N.uasset" 173
"../../../../../Unreal Projects/KingSlayer/Content/StarterContent/Textures/T_Rock_Basalt_D.uasset" 174
"../../../../../Unreal Projects/KingSlayer/Content/StarterContent/Props/Materials/M_Rock.uasset" 175
"../../../../../Unreal Projects/KingSlayer/Content/StarterContent/Props/SM_Rock.uasset" 176
"../../../../../Unreal Projects/KingSlayer/Content/StarterContent/Textures/T_Shelf_N.uasset" 177
"../../../../../Unreal Projects/KingSlayer/Content/StarterContent/Textures/T_Shelf_M.uasset" 178
"../../../../../Unreal Projects/KingSlayer/Content/StarterContent/Props/Materials/M_Shelf.uasset" 179
"../../../../../Unreal Projects/KingSlayer/Content/StarterContent/Props/SM_Shelf.uasset" 180
"../../../../../Unreal Projects/KingSlayer/Content/StarterContent/Materials/M_Basic_Floor.uasset" 181
"../../../../../Unreal Projects/KingSlayer/Content/StarterContent/Props/SM_Stairs.uasset" 182
"../../../../../Unreal Projects/KingSlayer/Content/StarterContent/Shapes/Shape_Cone.uasset" 183
"../../../../../Unreal Projects/KingSlayer/Content/StarterContent/Shapes/Shape_Cylinder.uasset" 184
"../../../../../Unreal Projects/KingSlayer/Content/StarterContent/Shapes/Shape_NarrowCapsule.uasset" 185
"../../../../../Unreal Projects/KingSlayer/Content/StarterContent/Shapes/Shape_Pipe.uasset" 186
"../../../../../Unreal Projects/KingSlayer/Content/StarterContent/Shapes/Shape_Pipe_180.uasset" 187
"../../../../../Unreal Projects/KingSlayer/Content/StarterContent/Shapes/Shape_Pipe_90.uasset" 188
"../../../../../Unreal Projects/KingSlayer/Content/StarterContent/Shapes/Shape_Plane.uasset" 189
"../../../../../Unreal Projects/KingSlayer/Content/StarterContent/Shapes/Shape_Torus.uasset" 190
"../../../../../Unreal Projects/KingSlayer/Content/StarterContent/Shapes/Shape_Trim.uasset" 191
"../../../../../Unreal Projects/KingSlayer/Content/StarterContent/Shapes/Shape_Trim_90_In.uasset" 192
"../../../../../Unreal Projects/KingSlayer/Content/StarterContent/Shapes/Shape_Trim_90_Out.uasset" 193
"../../../../../Unreal Projects/KingSlayer/Content/StarterContent/Shapes/Shape_TriPyramid.uasset" 194
"../../../../../Unreal Projects/KingSlayer/Content/StarterContent/Shapes/Shape_Tube.uasset" 195
"../../../../../Unreal Projects/KingSlayer/Content/StarterContent/Shapes/Shape_Wedge_A.uasset" 196
"../../../../../Unreal Projects/KingSlayer/Content/StarterContent/Shapes/Shape_Wedge_B.uasset" 197
"../../../../../Unreal Projects/KingSlayer/Content/StarterContent/Shapes/Shape_WideCapsule.uasset" 198
"../../../../../Unreal Projects/KingSlayer/Content/ThirdPerson/Meshes/RampMaterial.uasset" 199
"../../../../../Unreal Projects/KingSlayer/Content/ThirdPerson/Meshes/Bump_StaticMesh.uasset" 200
"../../../../../Unreal Projects/KingSlayer/Content/ThirdPersonBP/ThirdPersonOverview.uasset" 201
"../../../../../Unreal Projects/KingSlayer/Content/Mannequin/Character/Mesh/SK_Mannequin_PhysicsAsset.uasset" 202
"../../../../../Unreal Projects/KingSlayer/Content/Mannequin/Character/Mesh/SK_Mannequin.uasset" 203
"../../../../../Unreal Projects/KingSlayer/Content/Mannequin/Animations/ThirdPersonWalk.uasset" 204
"../../../../../Unreal Projects/KingSlayer/Content/Mannequin/Animations/ThirdPersonRun.uasset" 205
"../../../../../Unreal Projects/KingSlayer/Content/Mannequin/Animations/ThirdPersonIdle.uasset" 206
"../../../../../Unreal Projects/KingSlayer/Content/Mannequin/Animations/ThirdPerson_IdleRun_2D.uasset" 207
"../../../../../Unreal Projects/KingSlayer/Content/Mannequin/Animations/ThirdPerson_Jump.uasset" 208
"../../../../../Unreal Projects/KingSlayer/Content/Mannequin/Animations/ThirdPersonJump_Start.uasset" 209
"../../../../../Unreal Projects/KingSlayer/Content/Mannequin/Animations/ThirdPersonJump_Loop.uasset" 210
"../../../Engine/Content/EditorBlueprintResources/StandardMacros.uasset" 211
"../../../../../Unreal Projects/KingSlayer/Content/Mannequin/Animations/ThirdPerson_AnimBP.uasset" 212
"../../../../../Unreal Projects/KingSlayer/Content/ThirdPersonBP/Blueprints/ThirdPersonCharacter.uasset" 213
"../../../../../Unreal Projects/KingSlayer/Content/ThirdPersonBP/Blueprints/ThirdPersonGameMode.uasset" 214
"../../../Engine/Content/Animation/DefaultAnimBoneCompressionSettings.uasset" 215
"../../../Engine/Content/Animation/DefaultAnimCurveCompressionSettings.uasset" 216
"../../../Engine/Content/EngineMaterials/T_Default_Material_Grid_N.uasset" 217
"../../../Engine/Content/EngineMaterials/T_Default_Material_Grid_M.uasset" 218
"../../../Engine/Content/Functions/Engine_MaterialFunctions01/Opacity/CameraDepthFade.uasset" 219
"../../../Engine/Content/EngineMaterials/WorldGridMaterial.uasset" 220
"../../../Engine/Content/ArtTools/RenderToTexture/Meshes/S_1_Unit_Plane.uasset" 221
"../../../Engine/Content/EngineMaterials/DefaultMaterial.uasset" 222
"../../../Engine/Content/BasicShapes/Cone.uasset" 223
"../../../Engine/Content/BasicShapes/Cube.uasset" 224
"../../../Engine/Content/BasicShapes/Plane.uasset" 225
"../../../Engine/Content/BasicShapes/Sphere.uasset" 226
"../../../Engine/Content/EditorLandscapeResources/DataLayer.uasset" 227
"../../../Engine/Content/EditorLandscapeResources/DefaultAlphaTexture.uasset" 228
"../../../Engine/Content/EditorMaterials/MAT_Groups_Toggle.uasset" 229
"../../../Engine/Content/EditorMaterials/MAT_Groups_Visibility.uasset" 230
"../../../Engine/Content/EditorMaterials/PreviewShadowIndicator.uasset" 231
"../../../Engine/Content/EditorMaterials/PreviewShadowIndicatorMaterial.uasset" 232
"../../../Engine/Content/EditorMaterials/MatineeGroups/MAT_ColorTrack.uasset" 233
"../../../Engine/Content/EditorMaterials/MatineeGroups/MAT_Groups_Anim.uasset" 234
"../../../Engine/Content/EditorMaterials/MatineeGroups/MAT_Groups_AudioMaster.uasset" 235
"../../../Engine/Content/EditorMaterials/MatineeGroups/MAT_Groups_Director.uasset" 236
"../../../Engine/Content/EditorMaterials/MatineeGroups/MAT_Groups_Event.uasset" 237
"../../../Engine/Content/EditorMaterials/MatineeGroups/MAT_Groups_Fade.uasset" 238
"../../../Engine/Content/EditorMaterials/MatineeGroups/MAT_Groups_Float.uasset" 239
"../../../Engine/Content/EditorMaterials/MatineeGroups/MAT_Groups_Move.uasset" 240
"../../../Engine/Content/EditorMaterials/MatineeGroups/MAT_Groups_Slomo.uasset" 241
"../../../Engine/Content/EditorMaterials/MatineeGroups/MAT_Groups_Sound.uasset" 242
"../../../Engine/Content/EditorMaterials/MatineeGroups/MAT_Groups_Vector.uasset" 243
"../../../Engine/Content/EditorMaterials/ParticleSystems/PSysThumbnail_NoImage.uasset" 244
"../../../Engine/Content/EditorMaterials/ParticleSystems/PSysThumbnail_OOD.uasset" 245
"../../../Engine/Content/EditorMaterials/Camera/CineMat.uasset" 246
"../../../Engine/Content/EditorMaterials/Camera/MI_CineMat_Rig.uasset" 247
"../../../Engine/Content/EditorMeshes/Camera/SM_CraneRig_Arm.uasset" 248
"../../../Engine/Content/EditorMeshes/Camera/SM_CraneRig_Base.uasset" 249
"../../../Engine/Content/EditorMeshes/Camera/SM_CraneRig_Body.uasset" 250
"../../../Engine/Content/EditorMeshes/Camera/SM_CraneRig_Mount.uasset" 251
"../../../Engine/Content/EditorMeshes/Camera/SM_RailRig_Mount.uasset" 252
"../../../Engine/Content/EditorMeshes/Camera/SM_RailRig_Track.uasset" 253
"../../../Engine/Content/EditorResources/BSPVertex.uasset" 254
"../../../Engine/Content/EditorResources/EmptyActor.uasset" 255
"../../../Engine/Content/EditorResources/S_Actor.uasset" 256
"../../../Engine/Content/EditorResources/S_Note.uasset" 257
"../../../Engine/Content/EditorResources/S_Solver.uasset" 258
"../../../Engine/Content/EditorResources/S_Terrain.uasset" 259
"../../../Engine/Content/EditorResources/S_Trigger.uasset" 260
"../../../Engine/Content/EditorResources/AudioIcons/S_AudioComponent.uasset" 261
"../../../Engine/Content/EditorResources/AudioIcons/S_AudioComponent_AutoActivate.uasset" 262
"../../../Engine/Content/EditorResources/LightIcons/S_LightError.uasset" 263
"../../../Engine/Content/EditorResources/SequenceRecorder/Countdown.uasset" 264
"../../../Engine/Content/EditorResources/SequenceRecorder/RecordingIndicator.uasset" 265
"../../../Engine/Content/EngineDamageTypes/DmgTypeBP_Environmental.uasset" 266
"../../../Engine/Content/EngineDebugMaterials/DebugEditorMaterial.uasset" 267
"../../../Engine/Content/EngineDebugMaterials/DebugMeshMaterial.uasset" 268
"../../../Engine/Content/EngineDebugMaterials/M_SimpleUnlitTranslucent.uasset" 269
"../../../Engine/Content/EngineDebugMaterials/VolumeToRender.uasset" 270
"../../../Engine/Content/Functions/Engine_MaterialFunctions02/Utility/CameraDirectionVector.uasset" 271
"../../../Engine/Content/EngineDebugMaterials/M_VolumeRenderSphereTracePP.uasset" 272
"../../../Engine/Content/Functions/Engine_MaterialFunctions01/Shading/ConvertFromDiffSpec.uasset" 273
"../../../Engine/Content/EngineDebugMaterials/VertexColorMaterial.uasset" 274
"../../../Engine/Content/EngineDebugMaterials/WireframeMaterial.uasset" 275
"../../../Engine/Content/EngineFonts/Faces/RobotoRegular.uasset" 276
"../../../Engine/Content/EngineFonts/Faces/RobotoLight.uasset" 277
"../../../Engine/Content/EngineFonts/Faces/RobotoItalic.uasset" 278
"../../../Engine/Content/EngineFonts/Faces/RobotoBoldItalic.uasset" 279
"../../../Engine/Content/EngineFonts/Faces/RobotoBold.uasset" 280
"../../../Engine/Content/EngineFonts/Faces/DroidSansFallback.uasset" 281
"../../../Engine/Content/EngineFonts/Roboto.uasset" 282
"../../../Engine/Content/EngineMaterials/BaseFlattenNormalMap.uasset" 283
"../../../Engine/Content/EngineMaterials/BaseFlattenGrayscaleMap.uasset" 284
"../../../Engine/Content/EngineMaterials/BaseFlattenEmissiveMap.uasset" 285
"../../../Engine/Content/EngineMaterials/BaseFlattenDiffuseMap.uasset" 286
"../../../Engine/Content/EngineMaterials/BaseFlattenMaterial.uasset" 287
"../../../Engine/Content/EngineMaterials/BlueNoise.uasset" 288
"../../../Engine/Content/EngineMaterials/DefaultBloomKernel.uasset" 289
"../../../Engine/Content/EngineMaterials/DefaultBokeh.uasset" 290
"../../../Engine/Content/EngineMaterials/DefaultDiffuse.uasset" 291
"../../../Engine/Content/EngineMaterials/DefaultDeferredDecalMaterial.uasset" 292
"../../../Engine/Content/EngineMaterials/DefaultLightFunctionMaterial.uasset" 293
"../../../Engine/Content/EngineMaterials/DefaultPhysicalMaterial.uasset" 294
"../../../Engine/Content/Functions/Engine_MaterialFunctions02/Utility/BreakOutFloat2Components.uasset" 295
"../../../Engine/Content/EngineMaterials/DefaultPostProcessMaterial.uasset" 296
"../../../Engine/Content/EngineFonts/RobotoDistanceField.uasset" 297
"../../../Engine/Content/EngineMaterials/DefaultTextMaterialOpaque.uasset" 298
"../../../Engine/Content/EngineMaterials/DefaultWhiteGrid.uasset" 299
"../../../Engine/Content/EngineMaterials/DefaultWhiteGrid_Low.uasset" 300
"../../../Engine/Content/EngineMaterials/EmissiveMeshMaterial.uasset" 301
"../../../Engine/Content/EngineMaterials/GizmoMaterial.uasset" 302
"../../../Engine/Content/EngineMaterials/Good64x64TilingNoiseHighFreq.uasset" 303
"../../../Engine/Content/EngineMaterials/MiniFont.uasset" 304
"../../../Engine/Content/EngineMaterials/InvalidLightmapSettings.uasset" 305
"../../../Engine/Content/EngineMaterials/M_InvalidLightmapSettings.uasset" 306
"../../../Engine/Content/Functions/Engine_MaterialFunctions02/WorldPositionOffset/CameraOffset.uasset" 307
"../../../Engine/Content/EngineMaterials/PhAT_JointLimitMaterial.uasset" 308
"../../../Engine/Content/EngineMaterials/PreintegratedSkinBRDF.uasset" 309
"../../../Engine/Content/EngineMaterials/RemoveSurfaceMaterial.uasset" 310
"../../../Engine/Content/EngineMaterials/WeightMapPlaceholderTexture.uasset" 311
"../../../Engine/Content/EngineResources/WhiteSquareTexture.uasset" 312
"../../../Engine/Content/EngineMaterials/Widget3DPassThrough.uasset" 313
"../../../Engine/Content/EngineMaterials/Widget3DPassThrough_Masked.uasset" 314
"../../../Engine/Content/EngineMaterials/Widget3DPassThrough_Opaque.uasset" 315
"../../../Engine/Content/EngineMaterials/Widget3DPassThrough_Masked_OneSided.uasset" 316
"../../../Engine/Content/EngineMaterials/Widget3DPassThrough_Opaque_OneSided.uasset" 317
"../../../Engine/Content/EngineMaterials/Widget3DPassThrough_Translucent.uasset" 318
"../../../Engine/Content/EngineMaterials/Widget3DPassThrough_Translucent_OneSided.uasset" 319
"../../../Engine/Content/EngineMeshes/Cylinder.uasset" 320
"../../../Engine/Content/EngineMeshes/Sphere.uasset" 321
"../../../Engine/Content/EngineResources/Black.uasset" 322
"../../../Engine/Content/EngineResources/DefaultTextureCube.uasset" 323
"../../../Engine/Content/EngineResources/DefaultVolumeTexture2D.uasset" 324
"../../../Engine/Content/EngineResources/DefaultVolumeTexture.uasset" 325
"../../../Engine/Content/EngineResources/GradientTexture0.uasset" 326
"../../../Engine/Content/EngineSky/VolumetricClouds/T_NoiseShape64.uasset" 327
"../../../Engine/Content/EngineSky/VolumetricClouds/T_VolumeNoiseShape64.uasset" 328
"../../../Engine/Content/EngineSky/VolumetricClouds/T_NoiseErosion.uasset" 329
"../../../Engine/Content/EngineSky/VolumetricClouds/T_VolumeNoiseErosion32.uasset" 330
"../../../Engine/Content/EngineSky/VolumetricClouds/CloudWeatherTexture.uasset" 331
"../../../Engine/Content/EngineSky/VolumetricClouds/CloudGradientTexture.uasset" 332
"../../../Engine/Content/Functions/Engine_MaterialFunctions02/Utility/MakeFloat2.uasset" 333
"../../../Engine/Content/EngineSky/VolumetricClouds/m_SimpleVolumetricCloud.uasset" 334
"../../../Engine/Content/EngineSky/VolumetricClouds/m_SimpleVolumetricCloud_Inst.uasset" 335
"../../../Engine/Content/EngineSounds/Master.uasset" 336
"../../../Engine/Content/Functions/Engine_MaterialFunctions01/Shading/PowerToRoughness.uasset" 337
"../../../Engine/Content/Maps/Templates/Thumbnails/Default.uasset" 338
"../../../Engine/Content/Maps/Templates/Thumbnails/TimeOfDay.uasset" 339
"../../../Engine/Content/Maps/Templates/Thumbnails/VR-Basic.uasset" 340
"../../../Engine/Content/MobileResources/T_MobileControls_texture.uasset" 341
"../../../Engine/Content/MobileResources/T_MobileMenu2.uasset" 342
"../../../Engine/Content/MobileResources/HUD/AnalogHat.uasset" 343
"../../../Engine/Content/MobileResources/HUD/VirtualJoystick_Thumb.uasset" 344
"../../../Engine/Content/MobileResources/HUD/VirtualJoystick_Background.uasset" 345
"../../../Engine/Content/MobileResources/HUD/DefaultVirtualJoysticks.uasset" 346
"../../../Engine/Content/MobileResources/HUD/LeftVirtualJoystickOnly.uasset" 347
"../../../Engine/Content/MobileResources/HUD/MobileHUDButton1_off.uasset" 348
"../../../Engine/Content/MobileResources/HUD/MobileHUDButton1_on.uasset" 349
"../../../Engine/Content/MobileResources/HUD/MobileHUDButton2_off.uasset" 350
"../../../Engine/Content/MobileResources/HUD/MobileHUDButton2_on.uasset" 351
"../../../Engine/Content/MobileResources/HUD/MobileHUDButton3.uasset" 352
"../../../Engine/Content/MobileResources/HUD/MobileHUDButtonFire.uasset" 353
"../../../Engine/Content/MobileResources/HUD/MobileHUDDirectionPad.uasset" 354
"../../../Engine/Content/MobileResources/HUD/MobileHUDDirectionPad2.uasset" 355
"../../../Engine/Content/MobileResources/HUD/MobileHUDDirectionPad3.uasset" 356
"../../../Engine/Content/MobileResources/HUD/MobileHUDDirectionStick.uasset" 357
"../../../Engine/Content/MobileResources/HUD/T_Castle_ThumbstickInner.uasset" 358
"../../../Engine/Content/MobileResources/HUD/T_Castle_ThumbstickOutter.uasset" 359
"../../../Engine/Content/Tutorial/ContentIntroCurve.uasset" 360
"../../../Engine/Content/Tutorial/Basics/LevelEditorAttract.uasset" 361
"../../../Engine/Content/Tutorial/Installation/InstallingVisualStudioTutorial.uasset" 362
"../../../Engine/Content/VREditor/TransformGizmo/TranslucentTransformGizmoMaterial.uasset" 363
"../../../Engine/Content/VREditor/LaserPointer/VR_LaserPower_01.uasset" 364
"../../../Engine/Content/VREditor/TransformGizmo/TransformGizmoMaterial.uasset" 365
"../../../Engine/Content/VREditor/TransformGizmo/BoundingBoxCorner.uasset" 366
"../../../Engine/Content/VREditor/TransformGizmo/BoundingBoxEdge.uasset" 367
"../../../Engine/Content/VREditor/TransformGizmo/PlaneTranslationHandle.uasset" 368
"../../../Engine/Content/VREditor/TransformGizmo/Xray.uasset" 369
"../../../Engine/Content/VREditor/TransformGizmo/Main.uasset" 370
"../../../Engine/Content/VREditor/TransformGizmo/SM_Sequencer_Key.uasset" 371
"../../../Engine/Content/VREditor/TransformGizmo/SM_Sequencer_Node.uasset" 372
"../../Plugins/2D/Paper2D/Content/DummySprite.uasset" 373
"../../Plugins/2D/Paper2D/Content/DefaultPaperTerrainMaterial.uasset" 374
"../../Plugins/2D/Paper2D/Content/MaskedUnlitSpriteMaterial.uasset" 375
"../../Plugins/2D/Paper2D/Content/OpaqueUnlitSpriteMaterial.uasset" 376
"../../../Engine/Content/Functions/Engine_MaterialFunctions02/Utility/BreakOutFloat3Components.uasset" 377
"../../Plugins/Editor/SpeedTreeImporter/Content/SpeedTree9/UnpackInteger3.uasset" 378
"../../Plugins/Editor/SpeedTreeImporter/Content/SpeedTree9/UnpackDirection.uasset" 379
"../../Plugins/Editor/SpeedTreeImporter/Content/SpeedTree9/game_wind_noise.uasset" 380
"../../../Engine/Content/Functions/Engine_MaterialFunctions02/SafeNormalize.uasset" 381
"../../Plugins/Editor/SpeedTreeImporter/Content/SpeedTree9/SpeedTreeWindMotion.uasset" 382
"../../Plugins/Editor/SpeedTreeImporter/Content/SpeedTree9/SpeedTreeBranchMotion.uasset" 383
"../../../Engine/Content/Functions/Engine_MaterialFunctions02/ObjectLocalBounds.uasset" 384
"../../../Engine/Content/Functions/Engine_MaterialFunctions02/UVs/BoundingBoxBased_0-1_UVW.uasset" 385
"../../Plugins/Editor/SpeedTreeImporter/Content/SpeedTree9/SpeedTreeWind.uasset" 386
"../../Plugins/Editor/SpeedTreeImporter/Content/SpeedTree9/SpeedTreeBillboard.uasset" 387
"../../../Engine/Content/EngineResources/DefaultTexture.uasset" 388
"../../Plugins/Editor/SpeedTreeImporter/Content/SpeedTree9/SpeedTreeBillboardMaster.uasset" 389
"../../Plugins/Editor/SpeedTreeImporter/Content/SpeedTree9/SpeedTreeCameraFacing.uasset" 390
"../../Plugins/Editor/SpeedTreeImporter/Content/SpeedTree9/SpeedTreeMaster.uasset" 391
"../../../Engine/Content/BasicShapes/Cylinder.uasset" 392
"../../../Engine/Content/ArtTools/RenderToTexture/Materials/Debug/M_Emissive_Color.uasset" 393
"../../Plugins/Lumin/MagicLeapPassableWorld/Content/MagicLeapARPinInfoActor.uasset" 394
"../../../Engine/Content/EditorMeshes/ColorCalibrator/M_GreyBall.uasset" 395
"../../../Engine/Content/EditorMeshes/ColorCalibrator/Color_checker.uasset" 396
"../../../Engine/Content/EditorMeshes/ColorCalibrator/M_ColorGrid.uasset" 397
"../../../Engine/Content/EditorMeshes/ColorCalibrator/M_ClearCoatBlack.uasset" 398
"../../../Engine/Content/EditorMeshes/ColorCalibrator/M_ClearCoat.uasset" 399
"../../../Engine/Content/EditorMeshes/ColorCalibrator/M_ChromeBall.uasset" 400
"../../../Engine/Content/EditorMeshes/ColorCalibrator/SM_ColorCalibrator.uasset" 401
"../../../../../Unreal Projects/KingSlayer/Content/StarterContent/Maps/Advanced_Lighting_BuiltData.uasset" 402
"../../../../../Unreal Projects/KingSlayer/Content/StarterContent/HDRI/HDRI_Epic_Courtyard_Daylight.uasset" 403
"../../../Engine/Content/MapTemplates/Sky/DaylightAmbientCubemap.uasset" 404
"../../../../../Unreal Projects/KingSlayer/Content/StarterContent/Blueprints/Assets/M_LightStage_Skybox_Master.uasset" 405
"../../../../../Unreal Projects/KingSlayer/Content/StarterContent/Blueprints/Assets/M_LightStage_Skybox_HDRI.uasset" 406
"../../../../../Unreal Projects/KingSlayer/Content/StarterContent/Blueprints/Assets/M_LightStage_Arrows.uasset" 407
"../../../../../Unreal Projects/KingSlayer/Content/StarterContent/Blueprints/Assets/SM_Arrows.uasset" 408
"../../../Engine/Content/EditorMaterials/Thumbnails/SkySphereMaterial.uasset" 409
"../../../../../Unreal Projects/KingSlayer/Content/StarterContent/Blueprints/Assets/Skybox.uasset" 410
"../../../../../Unreal Projects/KingSlayer/Content/StarterContent/Blueprints/Assets/M_LightStage_Skybox_Black.uasset" 411
"../../../../../Unreal Projects/KingSlayer/Content/StarterContent/Blueprints/Assets/SunlightColorLUT.uasset" 412
"../../../../../Unreal Projects/KingSlayer/Content/StarterContent/Blueprints/Assets/FogBrightnessLUT.uasset" 413
"../../../../../Unreal Projects/KingSlayer/Content/StarterContent/Blueprints/BP_LightStudio.uasset" 414
"../../../../../Unreal Projects/KingSlayer/Content/StarterContent/Materials/M_AssetPlatform.uasset" 415
"../../../../../Unreal Projects/KingSlayer/Content/StarterContent/Architecture/SM_AssetPlatform.uasset" 416
"../../../../../Unreal Projects/KingSlayer/Content/StarterContent/Maps/Advanced_Lighting.umap" 417
"../../../../../Unreal Projects/KingSlayer/Content/StarterContent/Textures/T_TableRound_N.uasset" 418
"../../../../../Unreal Projects/KingSlayer/Content/StarterContent/Textures/T_TableRound_M.uasset" 419
"../../../../../Unreal Projects/KingSlayer/Content/StarterContent/Props/Materials/M_TableRound.uasset" 420
"../../../../../Unreal Projects/KingSlayer/Content/StarterContent/Props/SM_TableRound.uasset" 421
"../../../../../Unreal Projects/KingSlayer/Content/StarterContent/Textures/T_Statue_N.uasset" 422
"../../../../../Unreal Projects/KingSlayer/Content/StarterContent/Textures/T_Statue_M.uasset" 423
"../../../../../Unreal Projects/KingSlayer/Content/StarterContent/Props/Materials/M_Statue.uasset" 424
"../../../../../Unreal Projects/KingSlayer/Content/StarterContent/Props/Materials/M_StatueGlass.uasset" 425
"../../../../../Unreal Projects/KingSlayer/Content/StarterContent/Props/SM_Statue.uasset" 426
"../../../../../Unreal Projects/KingSlayer/Content/StarterContent/Props/SM_Chair.uasset" 427
"../../../../../Unreal Projects/KingSlayer/Content/StarterContent/Textures/T_MacroVariation.uasset" 428
"../../../../../Unreal Projects/KingSlayer/Content/StarterContent/Textures/T_Metal_Copper_D.uasset" 429
"../../../../../Unreal Projects/KingSlayer/Content/StarterContent/Textures/T_Metal_Gold_N.uasset" 430
"../../../../../Unreal Projects/KingSlayer/Content/StarterContent/Materials/M_Metal_Copper.uasset" 431
"../../../../../Unreal Projects/KingSlayer/Content/StarterContent/Textures/T_Metal_Aluminum_D.uasset" 432
"../../../../../Unreal Projects/KingSlayer/Content/StarterContent/Materials/M_Metal_Burnished_Steel.uasset" 433
"../../../../../Unreal Projects/KingSlayer/Content/StarterContent/Materials/M_Metal_Brushed_Nickel.uasset" 434
"../../../Engine/Content/EngineSky/T_Sky_Stars.uasset" 435
"../../../Engine/Content/EngineSky/T_Sky_Clouds_M.uasset" 436
"../../../Engine/Content/EngineSky/T_Sky_Blue.uasset" 437
"../../../Engine/Content/EngineSky/M_Sky_Panning_Clouds2.uasset" 438
"../../../../../Unreal Projects/KingSlayer/Content/StarterContent/Maps/Minimal_Default_BuiltData.uasset" 439
"../../../Engine/Content/EngineSky/SM_SkySphere.uasset" 440
"../../../Engine/Content/EngineSky/C_Sky_Zenith_Color.uasset" 441
"../../../Engine/Content/EngineSky/C_Sky_Horizon_Color.uasset" 442
"../../../Engine/Content/EngineSky/C_Sky_Cloud_Color.uasset" 443
"../../../Engine/Content/EngineSky/BP_Sky_Sphere.uasset" 444
"../../../../../Unreal Projects/KingSlayer/Content/StarterContent/Audio/Starter_Background_Cue.uasset" 445
"../../../../../Unreal Projects/KingSlayer/Content/StarterContent/Architecture/Floor_400x400.uasset" 446
"../../../../../Unreal Projects/KingSlayer/Content/StarterContent/Maps/Minimal_Default.umap" 447
"../../../../../Unreal Projects/KingSlayer/Content/StarterContent/Shapes/Shape_Sphere.uasset" 448
"../../../../../Unreal Projects/KingSlayer/Content/StarterContent/Shapes/Shape_QuadPyramid.uasset" 449
"../../../../../Unreal Projects/KingSlayer/Content/StarterContent/Shapes/Shape_Cube.uasset" 450
"../../../../../Unreal Projects/KingSlayer/Content/StarterContent/Textures/T_Frame_N.uasset" 451
"../../../../../Unreal Projects/KingSlayer/Content/StarterContent/Textures/T_Frame_M.uasset" 452
"../../../../../Unreal Projects/KingSlayer/Content/StarterContent/Props/Materials/M_Frame.uasset" 453
"../../../../../Unreal Projects/KingSlayer/Content/StarterContent/Props/SM_WindowFrame.uasset" 454
"../../../../../Unreal Projects/KingSlayer/Content/StarterContent/Props/SM_PillarFrame300.uasset" 455
"../../../../../Unreal Projects/KingSlayer/Content/StarterContent/Props/SM_PillarFrame.uasset" 456
"../../../../../Unreal Projects/KingSlayer/Content/StarterContent/Props/SM_GlassWindow.uasset" 457
"../../../../../Unreal Projects/KingSlayer/Content/StarterContent/Props/SM_DoorFrame.uasset" 458
"../../../../../Unreal Projects/KingSlayer/Content/StarterContent/Props/SM_CornerFrame.uasset" 459
"../../../../../Unreal Projects/KingSlayer/Content/StarterContent/Props/MaterialSphere.uasset" 460
"../../../../../Unreal Projects/KingSlayer/Content/StarterContent/Textures/T_Dust_Particle_D.uasset" 461
"../../../../../Unreal Projects/KingSlayer/Content/StarterContent/Particles/Materials/M_Dust_Particle.uasset" 462
"../../../../../Unreal Projects/KingSlayer/Content/StarterContent/Particles/P_Ambient_Dust.uasset" 463
"../../../../../Unreal Projects/KingSlayer/Content/StarterContent/Textures/T_Wood_Walnut_N.uasset" 464
"../../../../../Unreal Projects/KingSlayer/Content/StarterContent/Textures/T_Wood_Walnut_D.uasset" 465
"../../../../../Unreal Projects/KingSlayer/Content/StarterContent/Materials/M_Wood_Walnut.uasset" 466
"../../../../../Unreal Projects/KingSlayer/Content/StarterContent/Textures/T_Perlin_Noise_M.uasset" 467
"../../../../../Unreal Projects/KingSlayer/Content/StarterContent/Textures/T_Wood_Pine_N.uasset" 468
"../../../../../Unreal Projects/KingSlayer/Content/StarterContent/Textures/T_Wood_Pine_D.uasset" 469
"../../../../../Unreal Projects/KingSlayer/Content/StarterContent/Materials/M_Wood_Pine.uasset" 470
"../../../../../Unreal Projects/KingSlayer/Content/StarterContent/Textures/T_Wood_Oak_N.uasset" 471
"../../../../../Unreal Projects/KingSlayer/Content/StarterContent/Textures/T_Wood_Oak_D.uasset" 472
"../../../../../Unreal Projects/KingSlayer/Content/StarterContent/Materials/M_Wood_Oak.uasset" 473
"../../../Engine/Content/Functions/Engine_MaterialFunctions01/Opacity/AlphaOffset.uasset" 474
"../../../../../Unreal Projects/KingSlayer/Content/StarterContent/Textures/T_Wood_Floor_Walnut_N.uasset" 475
"../../../../../Unreal Projects/KingSlayer/Content/StarterContent/Textures/T_Wood_Floor_Walnut_M.uasset" 476
"../../../../../Unreal Projects/KingSlayer/Content/StarterContent/Textures/T_Wood_Floor_Walnut_D.uasset" 477
"../../../../../Unreal Projects/KingSlayer/Content/StarterContent/Materials/M_Wood_Floor_Walnut_Worn.uasset" 478
"../../../../../Unreal Projects/KingSlayer/Content/StarterContent/Materials/M_Wood_Floor_Walnut_Polished.uasset" 479
"../../../../../Unreal Projects/KingSlayer/Content/StarterContent/Textures/T_Water_M.uasset" 480
"../../../../../Unreal Projects/KingSlayer/Content/StarterContent/Textures/T_Water_N.uasset" 481
"../../../../../Unreal Projects/KingSlayer/Content/StarterContent/Materials/M_Water_Ocean.uasset" 482
"../../../../../Unreal Projects/KingSlayer/Content/StarterContent/Materials/M_Water_Lake.uasset" 483
"../../../../../Unreal Projects/KingSlayer/Content/StarterContent/Textures/T_Tech_Panel_N.uasset" 484
"../../../../../Unreal Projects/KingSlayer/Content/StarterContent/Textures/T_Tech_Panel_M.uasset" 485
"../../../../../Unreal Projects/KingSlayer/Content/StarterContent/Textures/T_Metal_Steel_D.uasset" 486
"../../../../../Unreal Projects/KingSlayer/Content/StarterContent/Materials/M_Tech_Panel.uasset" 487
"../../../../../Unreal Projects/KingSlayer/Content/StarterContent/Textures/T_Tech_Hex_Tile_N.uasset" 488
"../../../../../Unreal Projects/KingSlayer/Content/StarterContent/Textures/T_Tech_Hex_Tile_M.uasset" 489
"../../../../../Unreal Projects/KingSlayer/Content/StarterContent/Materials/M_Tech_Hex_Tile_Pulse.uasset" 490
"../../../../../Unreal Projects/KingSlayer/Content/StarterContent/Materials/M_Tech_Hex_Tile.uasset" 491
"../../../../../Unreal Projects/KingSlayer/Content/StarterContent/Textures/T_Tech_Dot_N.uasset" 492
"../../../../../Unreal Projects/KingSlayer/Content/StarterContent/Textures/T_Tech_Dot_M.uasset" 493
"../../../../../Unreal Projects/KingSlayer/Content/StarterContent/Textures/T_Single_Tile_N.uasset" 494
"../../../../../Unreal Projects/KingSlayer/Content/StarterContent/Textures/T_Checker_Noise_M.uasset" 495
"../../../../../Unreal Projects/KingSlayer/Content/StarterContent/Materials/M_Tech_Checker_Dot.uasset" 496
"../../../../../Unreal Projects/KingSlayer/Content/StarterContent/Textures/T_Rock_Slate_N.uasset" 497
"../../../../../Unreal Projects/KingSlayer/Content/StarterContent/Textures/T_Rock_Slate_D.uasset" 498
"../../../../../Unreal Projects/KingSlayer/Content/StarterContent/Materials/M_Rock_Slate.uasset" 499
"../../../../../Unreal Projects/KingSlayer/Content/StarterContent/Textures/T_Rock_Sandstone_N.uasset" 500
"../../../../../Unreal Projects/KingSlayer/Content/StarterContent/Textures/T_Rock_Sandstone_D.uasset" 501
"../../../../../Unreal Projects/KingSlayer/Content/StarterContent/Materials/M_Rock_Sandstone.uasset" 502
"../../../../../Unreal Projects/KingSlayer/Content/StarterContent/Textures/T_Rock_Marble_Polished_D.uasset" 503
"../../../../../Unreal Projects/KingSlayer/Content/StarterContent/Materials/M_Rock_Marble_Polished.uasset" 504
"../../../../../Unreal Projects/KingSlayer/Content/StarterContent/Textures/T_Rock_Basalt_N.uasset" 505
"../../../../../Unreal Projects/KingSlayer/Content/StarterContent/Materials/M_Rock_Basalt.uasset" 506
"../../../../../Unreal Projects/KingSlayer/Content/StarterContent/Textures/T_Metal_Steel_N.uasset" 507
"../../../../../Unreal Projects/KingSlayer/Content/StarterContent/Materials/M_Metal_Steel.uasset" 508
"../../../../../Unreal Projects/KingSlayer/Content/StarterContent/Textures/T_Metal_Rust_N.uasset" 509
"../../../../../Unreal Projects/KingSlayer/Content/StarterContent/Textures/T_Metal_Rust_D.uasset" 510
"../../../../../Unreal Projects/KingSlayer/Content/StarterContent/Materials/M_Metal_Rust.uasset" 511
"../../../../../Unreal Projects/KingSlayer/Content/StarterContent/Textures/T_Metal_Gold_D.uasset" 512
"../../../../../Unreal Projects/KingSlayer/Content/StarterContent/Materials/M_Metal_Gold.uasset" 513
"../../../../../Unreal Projects/KingSlayer/Content/StarterContent/Materials/M_Metal_Chrome.uasset" 514
"../../../../../Unreal Projects/KingSlayer/Content/StarterContent/Textures/T_Ground_Moss_N.uasset" 515
"../../../../../Unreal Projects/KingSlayer/Content/StarterContent/Textures/T_ground_Moss_D.uasset" 516
"../../../../../Unreal Projects/KingSlayer/Content/StarterContent/Materials/M_Ground_Moss.uasset" 517
"../../../../../Unreal Projects/KingSlayer/Content/StarterContent/Textures/T_Ground_Gravel_N.uasset" 518
"../../../../../Unreal Projects/KingSlayer/Content/StarterContent/Textures/T_Ground_Gravel_D.uasset" 519
"../../../../../Unreal Projects/KingSlayer/Content/StarterContent/Materials/M_Ground_Gravel.uasset" 520
"../../../../../Unreal Projects/KingSlayer/Content/StarterContent/Textures/T_Ground_Grass_N.uasset" 521
"../../../../../Unreal Projects/KingSlayer/Content/StarterContent/Textures/T_Ground_Grass_D.uasset" 522
"../../../../../Unreal Projects/KingSlayer/Content/StarterContent/Materials/M_Ground_Grass.uasset" 523
"../../../../../Unreal Projects/KingSlayer/Content/StarterContent/Textures/T_Concrete_Tiles_Variation_M.uasset" 524
"../../../../../Unreal Projects/KingSlayer/Content/StarterContent/Textures/T_Concrete_Tiles_N.uasset" 525
"../../../../../Unreal Projects/KingSlayer/Content/StarterContent/Textures/T_Concrete_Tiles_M.uasset" 526
"../../../../../Unreal Projects/KingSlayer/Content/StarterContent/Textures/T_Concrete_Tiles_D.uasset" 527
"../../../../../Unreal Projects/KingSlayer/Content/StarterContent/Materials/M_Concrete_Tiles.uasset" 528
"../../../../../Unreal Projects/KingSlayer/Content/StarterContent/Textures/T_Concrete_Poured_N.uasset" 529
"../../../../../Unreal Projects/KingSlayer/Content/StarterContent/Textures/T_Concrete_Poured_D.uasset" 530
"../../../../../Unreal Projects/KingSlayer/Content/StarterContent/Materials/M_Concrete_Poured.uasset" 531
"../../../../../Unreal Projects/KingSlayer/Content/StarterContent/Textures/T_Concrete_Panels_N.uasset" 532
"../../../../../Unreal Projects/KingSlayer/Content/StarterContent/Textures/T_Concrete_Panels_D.uasset" 533
"../../../../../Unreal Projects/KingSlayer/Content/StarterContent/Materials/M_Concrete_Panels.uasset" 534
"../../../../../Unreal Projects/KingSlayer/Content/StarterContent/Textures/T_Concrete_Grime_D.uasset" 535
"../../../../../Unreal Projects/KingSlayer/Content/StarterContent/Materials/M_Concrete_Grime.uasset" 536
"../../../../../Unreal Projects/KingSlayer/Content/StarterContent/Textures/T_CobbleStone_Smooth_N.uasset" 537
"../../../../../Unreal Projects/KingSlayer/Content/StarterContent/Textures/T_CobbleStone_Smooth_M.uasset" 538
"../../../../../Unreal Projects/KingSlayer/Content/StarterContent/Textures/T_CobbleStone_Smooth_D.uasset" 539
"../../../../../Unreal Projects/KingSlayer/Content/StarterContent/Textures/T_Rock_Smooth_Granite_D.uasset" 540
"../../../../../Unreal Projects/KingSlayer/Content/StarterContent/Textures/T_Gradinet_01.uasset" 541
"../../../../../Unreal Projects/KingSlayer/Content/StarterContent/Materials/M_CobbleStone_Smooth.uasset" 542
"../../../../../Unreal Projects/KingSlayer/Content/StarterContent/Textures/T_CobbleStone_Rough_N.uasset" 543
"../../../../../Unreal Projects/KingSlayer/Content/StarterContent/Textures/T_CobbleStone_Rough_D.uasset" 544
"../../../../../Unreal Projects/KingSlayer/Content/StarterContent/Materials/M_CobbleStone_Rough.uasset" 545
"../../../../../Unreal Projects/KingSlayer/Content/StarterContent/Textures/T_CobbleStone_Pebble_N.uasset" 546
"../../../../../Unreal Projects/KingSlayer/Content/StarterContent/Textures/T_CobbleStone_Pebble_M.uasset" 547
"../../../../../Unreal Projects/KingSlayer/Content/StarterContent/Textures/T_CobbleStone_Pebble_D.uasset" 548
"../../../../../Unreal Projects/KingSlayer/Content/StarterContent/Materials/M_CobbleStone_Pebble.uasset" 549
"../../../../../Unreal Projects/KingSlayer/Content/StarterContent/Textures/T_Ceramic_Tile_N.uasset" 550
"../../../../../Unreal Projects/KingSlayer/Content/StarterContent/Textures/T_Ceramic_Tile_M.uasset" 551
"../../../../../Unreal Projects/KingSlayer/Content/StarterContent/Materials/M_Ceramic_Tile_Checker.uasset" 552
"../../../../../Unreal Projects/KingSlayer/Content/StarterContent/Textures/T_Brick_Hewn_Stone_N.uasset" 553
"../../../../../Unreal Projects/KingSlayer/Content/StarterContent/Textures/T_Brick_Hewn_Stone_M.uasset" 554
"../../../../../Unreal Projects/KingSlayer/Content/StarterContent/Textures/T_Brick_Hewn_Stone_D.uasset" 555
"../../../../../Unreal Projects/KingSlayer/Content/StarterContent/Materials/M_Brick_Hewn_Stone.uasset" 556
"../../../../../Unreal Projects/KingSlayer/Content/StarterContent/Textures/T_Brick_Cut_Stone_N.uasset" 557
"../../../../../Unreal Projects/KingSlayer/Content/StarterContent/Textures/T_Brick_Cut_Stone_D.uasset" 558
"../../../../../Unreal Projects/KingSlayer/Content/StarterContent/Materials/M_Brick_Cut_Stone.uasset" 559
"../../../../../Unreal Projects/KingSlayer/Content/StarterContent/Textures/T_Brick_Clay_Old_N.uasset" 560
"../../../../../Unreal Projects/KingSlayer/Content/StarterContent/Textures/T_Brick_Clay_Old_D.uasset" 561
"../../../../../Unreal Projects/KingSlayer/Content/StarterContent/Materials/M_Brick_Clay_Old.uasset" 562
"../../../../../Unreal Projects/KingSlayer/Content/StarterContent/Textures/T_Brick_Clay_New_N.uasset" 563
"../../../../../Unreal Projects/KingSlayer/Content/StarterContent/Textures/T_Brick_Clay_New_M.uasset" 564
"../../../../../Unreal Projects/KingSlayer/Content/StarterContent/Textures/T_Brick_Clay_New_D.uasset" 565
"../../../../../Unreal Projects/KingSlayer/Content/StarterContent/Materials/M_Brick_Clay_New.uasset" 566
"../../../../../Unreal Projects/KingSlayer/Content/StarterContent/Textures/T_Brick_Clay_Beveled_N.uasset" 567
"../../../../../Unreal Projects/KingSlayer/Content/StarterContent/Textures/T_Brick_Clay_Beveled_M.uasset" 568
"../../../../../Unreal Projects/KingSlayer/Content/StarterContent/Textures/T_Brick_Clay_Beveled_D.uasset" 569
"../../../../../Unreal Projects/KingSlayer/Content/StarterContent/Materials/M_Brick_Clay_Beveled.uasset" 570
"../../../Engine/Content/Functions/Engine_MaterialFunctions03/Procedurals/ComputeFilterWidth.uasset" 571
"../../../Engine/Content/EngineMaterials/AntiAliasedTextMaterialTranslucent.uasset" 572
"../../../../../Unreal Projects/KingSlayer/Content/StarterContent/Maps/StarterMap_BuiltData.uasset" 573
"../../../../../Unreal Projects/KingSlayer/Content/StarterContent/Textures/T_Lamp_N.uasset" 574
"../../../../../Unreal Projects/KingSlayer/Content/StarterContent/Textures/T_Lamp_M.uasset" 575
"../../../../../Unreal Projects/KingSlayer/Content/StarterContent/Props/Materials/M_Lamp.uasset" 576
"../../../../../Unreal Projects/KingSlayer/Content/StarterContent/Props/SM_Lamp_Wall.uasset" 577
"../../../../../Unreal Projects/KingSlayer/Content/StarterContent/Blueprints/Blueprint_WallSconce.uasset" 578
"../../../../../Unreal Projects/KingSlayer/Content/StarterContent/Particles/P_Steam_Lit.uasset" 579
"../../../../../Unreal Projects/KingSlayer/Content/StarterContent/Audio/Steam01_Cue.uasset" 580
"../../../../../Unreal Projects/KingSlayer/Content/StarterContent/Blueprints/Blueprint_Effect_Steam.uasset" 581
"../../../../../Unreal Projects/KingSlayer/Content/StarterContent/Textures/T_Spark_Core.uasset" 582
"../../../../../Unreal Projects/KingSlayer/Content/StarterContent/Particles/Materials/M_Spark.uasset" 583
"../../../../../Unreal Projects/KingSlayer/Content/StarterContent/Particles/Materials/M_Radial_Gradient.uasset" 584
"../../../../../Unreal Projects/KingSlayer/Content/StarterContent/Particles/P_Sparks.uasset" 585
"../../../../../Unreal Projects/KingSlayer/Content/StarterContent/Audio/Fire_Sparks01_Cue.uasset" 586
"../../../../../Unreal Projects/KingSlayer/Content/StarterContent/Blueprints/Blueprint_Effect_Sparks.uasset" 587
"../../../../../Unreal Projects/KingSlayer/Content/StarterContent/Particles/P_Smoke.uasset" 588
"../../../../../Unreal Projects/KingSlayer/Content/StarterContent/Audio/Smoke01_Cue.uasset" 589
"../../../../../Unreal Projects/KingSlayer/Content/StarterContent/Blueprints/Blueprint_Effect_Smoke.uasset" 590
"../../../../../Unreal Projects/KingSlayer/Content/StarterContent/Particles/Materials/M_Heat_Distortion.uasset" 591
"../../../../../Unreal Projects/KingSlayer/Content/StarterContent/Textures/T_Fire_Tiled_D.uasset" 592
"../../../../../Unreal Projects/KingSlayer/Content/StarterContent/Textures/T_Fire_SubUV.uasset" 593
"../../../../../Unreal Projects/KingSlayer/Content/StarterContent/Particles/Materials/M_Fire_SubUV.uasset" 594
"../../../../../Unreal Projects/KingSlayer/Content/StarterContent/Particles/P_Fire.uasset" 595
"../../../../../Unreal Projects/KingSlayer/Content/StarterContent/Audio/Fire01_Cue.uasset" 596
"../../../../../Unreal Projects/KingSlayer/Content/StarterContent/Blueprints/Blueprint_Effect_Fire.uasset" 597
"../../../../../Unreal Projects/KingSlayer/Content/StarterContent/Props/SM_Lamp_Ceiling.uasset" 598
"../../../../../Unreal Projects/KingSlayer/Content/StarterContent/Blueprints/Blueprint_CeilingLight.uasset" 599
"../../../../../Unreal Projects/KingSlayer/Content/StarterContent/Audio/Starter_Music_Cue.uasset" 600
"../../../../../Unreal Projects/KingSlayer/Content/StarterContent/Audio/Collapse_Cue.uasset" 601
"../../../../../Unreal Projects/KingSlayer/Content/StarterContent/Architecture/Wall_Window_400x300.uasset" 602
"../../../../../Unreal Projects/KingSlayer/Content/StarterContent/Architecture/Wall_Door_400x300.uasset" 603
"../../../../../Unreal Projects/KingSlayer/Content/StarterContent/Architecture/Wall_400x200.uasset" 604
"../../../../../Unreal Projects/KingSlayer/Content/StarterContent/Maps/StarterMap.umap" 605
"../../../../../Unreal Projects/KingSlayer/Content/ThirdPersonBP/Maps/ThirdPersonExampleMap_BuiltData.uasset" 606
"../../../../../Unreal Projects/KingSlayer/Content/ThirdPerson/Meshes/RightArm_StaticMesh.uasset" 607
"../../../../../Unreal Projects/KingSlayer/Content/ThirdPerson/Meshes/Ramp_StaticMesh.uasset" 608
"../../../../../Unreal Projects/KingSlayer/Content/ThirdPerson/Meshes/Linear_Stair_StaticMesh.uasset" 609
"../../../../../Unreal Projects/KingSlayer/Content/ThirdPerson/Meshes/LeftArm_StaticMesh.uasset" 610
"../../../../../Unreal Projects/KingSlayer/Content/KingSlayer/Textures/Sprites/Hero/Jump/Jump_up_left.uasset" 611
"../../../../../Unreal Projects/KingSlayer/Content/KingSlayer/Textures/Sprites/Hero/Jump/Jump_up_left_Hero_3.uasset" 612
"../../../../../Unreal Projects/KingSlayer/Content/KingSlayer/Textures/Sprites/Hero/Jump/Jump_up_left_Hero_2.uasset" 613
"../../../../../Unreal Projects/KingSlayer/Content/KingSlayer/Textures/Sprites/Hero/Jump/Jump_up_left_Hero_1.uasset" 614
"../../../../../Unreal Projects/KingSlayer/Content/KingSlayer/Textures/Sprites/Hero/Jump/Jump_up_left_Hero_0.uasset" 615
"../../../../../Unreal Projects/KingSlayer/Content/KingSlayer/Textures/Sprites/Hero/Jump/Jump_up_left_Hero_9.uasset" 616
"../../../../../Unreal Projects/KingSlayer/Content/KingSlayer/Textures/Sprites/Hero/Jump/Jump_up_left_Hero_8.uasset" 617
"../../../../../Unreal Projects/KingSlayer/Content/KingSlayer/Textures/Sprites/Hero/Jump/Jump_up_left_Hero_7.uasset" 618
"../../../../../Unreal Projects/KingSlayer/Content/KingSlayer/Textures/Sprites/Hero/Jump/Jump_up_left_Hero_6.uasset" 619
"../../../../../Unreal Projects/KingSlayer/Content/KingSlayer/Textures/Sprites/Hero/Jump/Jump_up_left_Hero_5.uasset" 620
"../../../../../Unreal Projects/KingSlayer/Content/KingSlayer/Textures/Sprites/Hero/Jump/Jump_up_left_Hero_4.uasset" 621
"../../../../../Unreal Projects/KingSlayer/Content/KingSlayer/Textures/Sprites/Hero/Jump/FB_Hero_Jump_UpLeft.uasset" 622
"../../../../../Unreal Projects/KingSlayer/Content/KingSlayer/Textures/Sprites/Hero/Jump/Jump_up.uasset" 623
"../../../../../Unreal Projects/KingSlayer/Content/KingSlayer/Textures/Sprites/Hero/Jump/Jump_up_Hero_9.uasset" 624
"../../../../../Unreal Projects/KingSlayer/Content/KingSlayer/Textures/Sprites/Hero/Jump/Jump_up_Hero_8.uasset" 625
"../../../../../Unreal Projects/KingSlayer/Content/KingSlayer/Textures/Sprites/Hero/Jump/Jump_up_Hero_7.uasset" 626
"../../../../../Unreal Projects/KingSlayer/Content/KingSlayer/Textures/Sprites/Hero/Jump/Jump_up_Hero_6.uasset" 627
"../../../../../Unreal Projects/KingSlayer/Content/KingSlayer/Textures/Sprites/Hero/Jump/Jump_up_Hero_5.uasset" 628
"../../../../../Unreal Projects/KingSlayer/Content/KingSlayer/Textures/Sprites/Hero/Jump/Jump_up_Hero_4.uasset" 629
"../../../../../Unreal Projects/KingSlayer/Content/KingSlayer/Textures/Sprites/Hero/Jump/Jump_up_Hero_3.uasset" 630
"../../../../../Unreal Projects/KingSlayer/Content/KingSlayer/Textures/Sprites/Hero/Jump/Jump_up_Hero_2.uasset" 631
"../../../../../Unreal Projects/KingSlayer/Content/KingSlayer/Textures/Sprites/Hero/Jump/Jump_up_Hero_1.uasset" 632
"../../../../../Unreal Projects/KingSlayer/Content/KingSlayer/Textures/Sprites/Hero/Jump/Jump_up_Hero_0.uasset" 633
"../../../../../Unreal Projects/KingSlayer/Content/KingSlayer/Textures/Sprites/Hero/Jump/FB_Hero_Jump_Up.uasset" 634
"../../../../../Unreal Projects/KingSlayer/Content/KingSlayer/Textures/Sprites/Hero/Jump/Jump_right.uasset" 635
"../../../../../Unreal Projects/KingSlayer/Content/KingSlayer/Textures/Sprites/Hero/Jump/Jump_right_Hero_9.uasset" 636
"../../../../../Unreal Projects/KingSlayer/Content/KingSlayer/Textures/Sprites/Hero/Jump/Jump_right_Hero_8.uasset" 637
"../../../../../Unreal Projects/KingSlayer/Content/KingSlayer/Textures/Sprites/Hero/Jump/Jump_right_Hero_7.uasset" 638
"../../../../../Unreal Projects/KingSlayer/Content/KingSlayer/Textures/Sprites/Hero/Jump/Jump_right_Hero_6.uasset" 639
"../../../../../Unreal Projects/KingSlayer/Content/KingSlayer/Textures/Sprites/Hero/Jump/Jump_right_Hero_5.uasset" 640
"../../../../../Unreal Projects/KingSlayer/Content/KingSlayer/Textures/Sprites/Hero/Jump/Jump_right_Hero_4.uasset" 641
"../../../../../Unreal Projects/KingSlayer/Content/KingSlayer/Textures/Sprites/Hero/Jump/Jump_right_Hero_3.uasset" 642
"../../../../../Unreal Projects/KingSlayer/Content/KingSlayer/Textures/Sprites/Hero/Jump/Jump_right_Hero_2.uasset" 643
"../../../../../Unreal Projects/KingSlayer/Content/KingSlayer/Textures/Sprites/Hero/Jump/Jump_right_Hero_1.uasset" 644
"../../../../../Unreal Projects/KingSlayer/Content/KingSlayer/Textures/Sprites/Hero/Jump/Jump_right_Hero_0.uasset" 645
"../../../../../Unreal Projects/KingSlayer/Content/KingSlayer/Textures/Sprites/Hero/Jump/FB_Hero_Jump_Right.uasset" 646
"../../../../../Unreal Projects/KingSlayer/Content/KingSlayer/Textures/Sprites/Hero/Jump/Jump_left.uasset" 647
"../../../../../Unreal Projects/KingSlayer/Content/KingSlayer/Textures/Sprites/Hero/Jump/Jump_left_Hero_9.uasset" 648
"../../../../../Unreal Projects/KingSlayer/Content/KingSlayer/Textures/Sprites/Hero/Jump/Jump_left_Hero_8.uasset" 649
"../../../../../Unreal Projects/KingSlayer/Content/KingSlayer/Textures/Sprites/Hero/Jump/Jump_left_Hero_7.uasset" 650
"../../../../../Unreal Projects/KingSlayer/Content/KingSlayer/Textures/Sprites/Hero/Jump/Jump_left_Hero_6.uasset" 651
"../../../../../Unreal Projects/KingSlayer/Content/KingSlayer/Textures/Sprites/Hero/Jump/Jump_left_Hero_5.uasset" 652
"../../../../../Unreal Projects/KingSlayer/Content/KingSlayer/Textures/Sprites/Hero/Jump/Jump_left_Hero_4.uasset" 653
"../../../../../Unreal Projects/KingSlayer/Content/KingSlayer/Textures/Sprites/Hero/Jump/Jump_left_Hero_3.uasset" 654
"../../../../../Unreal Projects/KingSlayer/Content/KingSlayer/Textures/Sprites/Hero/Jump/Jump_left_Hero_2.uasset" 655
"../../../../../Unreal Projects/KingSlayer/Content/KingSlayer/Textures/Sprites/Hero/Jump/Jump_left_Hero_1.uasset" 656
"../../../../../Unreal Projects/KingSlayer/Content/KingSlayer/Textures/Sprites/Hero/Jump/Jump_left_Hero_0.uasset" 657
"../../../../../Unreal Projects/KingSlayer/Content/KingSlayer/Textures/Sprites/Hero/Jump/FB_Hero_Jump_Left.uasset" 658
"../../../../../Unreal Projects/KingSlayer/Content/KingSlayer/Textures/Sprites/Hero/Jump/Jump_down_right.uasset" 659
"../../../../../Unreal Projects/KingSlayer/Content/KingSlayer/Textures/Sprites/Hero/Jump/Jump_down_right_Hero_9.uasset" 660
"../../../../../Unreal Projects/KingSlayer/Content/KingSlayer/Textures/Sprites/Hero/Jump/Jump_down_right_Hero_8.uasset" 661
"../../../../../Unreal Projects/KingSlayer/Content/KingSlayer/Textures/Sprites/Hero/Jump/Jump_down_right_Hero_7.uasset" 662
"../../../../../Unreal Projects/KingSlayer/Content/KingSlayer/Textures/Sprites/Hero/Jump/Jump_down_right_Hero_6.uasset" 663
"../../../../../Unreal Projects/KingSlayer/Content/KingSlayer/Textures/Sprites/Hero/Jump/Jump_down_right_Hero_5.uasset" 664
"../../../../../Unreal Projects/KingSlayer/Content/KingSlayer/Textures/Sprites/Hero/Jump/Jump_down_right_Hero_4.uasset" 665
"../../../../../Unreal Projects/KingSlayer/Content/KingSlayer/Textures/Sprites/Hero/Jump/Jump_down_right_Hero_3.uasset" 666
"../../../../../Unreal Projects/KingSlayer/Content/KingSlayer/Textures/Sprites/Hero/Jump/Jump_down_right_Hero_2.uasset" 667
"../../../../../Unreal Projects/KingSlayer/Content/KingSlayer/Textures/Sprites/Hero/Jump/Jump_down_right_Hero_1.uasset" 668
"../../../../../Unreal Projects/KingSlayer/Content/KingSlayer/Textures/Sprites/Hero/Jump/Jump_down_right_Hero_0.uasset" 669
"../../../../../Unreal Projects/KingSlayer/Content/KingSlayer/Textures/Sprites/Hero/Jump/FB_Hero_Jump_DownRight.uasset" 670
"../../../../../Unreal Projects/KingSlayer/Content/KingSlayer/Textures/Sprites/Hero/Jump/Jump_down_left_Hero_9.uasset" 671
"../../../../../Unreal Projects/KingSlayer/Content/KingSlayer/Textures/Sprites/Hero/Jump/Jump_down_left_Hero_8.uasset" 672
"../../../../../Unreal Projects/KingSlayer/Content/KingSlayer/Textures/Sprites/Hero/Jump/Jump_down_left_Hero_7.uasset" 673
"../../../../../Unreal Projects/KingSlayer/Content/KingSlayer/Textures/Sprites/Hero/Jump/Jump_down_left_Hero_6.uasset" 674
"../../../../../Unreal Projects/KingSlayer/Content/KingSlayer/Textures/Sprites/Hero/Jump/Jump_down_left_Hero_5.uasset" 675
"../../../../../Unreal Projects/KingSlayer/Content/KingSlayer/Textures/Sprites/Hero/Jump/Jump_down_left_Hero_4.uasset" 676
"../../../../../Unreal Projects/KingSlayer/Content/KingSlayer/Textures/Sprites/Hero/Jump/Jump_down_left_Hero_3.uasset" 677
"../../../../../Unreal Projects/KingSlayer/Content/KingSlayer/Textures/Sprites/Hero/Jump/Jump_down_left_Hero_2.uasset" 678
"../../../../../Unreal Projects/KingSlayer/Content/KingSlayer/Textures/Sprites/Hero/Jump/Jump_down_left_Hero_1.uasset" 679
"../../../../../Unreal Projects/KingSlayer/Content/KingSlayer/Textures/Sprites/Hero/Jump/Jump_down_left_Hero_0.uasset" 680
"../../../../../Unreal Projects/KingSlayer/Content/KingSlayer/Textures/Sprites/Hero/Jump/FB_Hero_Jump_DownLeft.uasset" 681
"../../../../../Unreal Projects/KingSlayer/Content/KingSlayer/Textures/Sprites/Hero/Jump/Jump_down.uasset" 682
"../../../../../Unreal Projects/KingSlayer/Content/KingSlayer/Textures/Sprites/Hero/Jump/Jump_down_Hero_9.uasset" 683
"../../../../../Unreal Projects/KingSlayer/Content/KingSlayer/Textures/Sprites/Hero/Jump/Jump_down_Hero_8.uasset" 684
"../../../../../Unreal Projects/KingSlayer/Content/KingSlayer/Textures/Sprites/Hero/Jump/Jump_down_Hero_7.uasset" 685
"../../../../../Unreal Projects/KingSlayer/Content/KingSlayer/Textures/Sprites/Hero/Jump/Jump_down_Hero_6.uasset" 686
"../../../../../Unreal Projects/KingSlayer/Content/KingSlayer/Textures/Sprites/Hero/Jump/Jump_down_Hero_5.uasset" 687
"../../../../../Unreal Projects/KingSlayer/Content/KingSlayer/Textures/Sprites/Hero/Jump/Jump_down_Hero_4.uasset" 688
"../../../../../Unreal Projects/KingSlayer/Content/KingSlayer/Textures/Sprites/Hero/Jump/Jump_down_Hero_3.uasset" 689
"../../../../../Unreal Projects/KingSlayer/Content/KingSlayer/Textures/Sprites/Hero/Jump/Jump_down_Hero_2.uasset" 690
"../../../../../Unreal Projects/KingSlayer/Content/KingSlayer/Textures/Sprites/Hero/Jump/Jump_down_Hero_1.uasset" 691
"../../../../../Unreal Projects/KingSlayer/Content/KingSlayer/Textures/Sprites/Hero/Jump/Jump_down_Hero_0.uasset" 692
"../../../../../Unreal Projects/KingSlayer/Content/KingSlayer/Textures/Sprites/Hero/Jump/FB_Hero_Jump_Down.uasset" 693
"../../../../../Unreal Projects/KingSlayer/Content/KingSlayer/Textures/Sprites/Hero/Walk/walk_up_right.uasset" 694
"../../../../../Unreal Projects/KingSlayer/Content/KingSlayer/Textures/Sprites/Hero/Walk/walk_up_right_Hero_5.uasset" 695
"../../../../../Unreal Projects/KingSlayer/Content/KingSlayer/Textures/Sprites/Hero/Walk/walk_up_right_Hero_4.uasset" 696
"../../../../../Unreal Projects/KingSlayer/Content/KingSlayer/Textures/Sprites/Hero/Walk/walk_up_right_Hero_3.uasset" 697
"../../../../../Unreal Projects/KingSlayer/Content/KingSlayer/Textures/Sprites/Hero/Walk/walk_up_right_Hero_2.uasset" 698
"../../../../../Unreal Projects/KingSlayer/Content/KingSlayer/Textures/Sprites/Hero/Walk/walk_up_right_Hero_1.uasset" 699
"../../../../../Unreal Projects/KingSlayer/Content/KingSlayer/Textures/Sprites/Hero/Walk/walk_up_right_Hero_0.uasset" 700
"../../../../../Unreal Projects/KingSlayer/Content/KingSlayer/Textures/Sprites/Hero/Walk/FB_Hero_Walk_UpRight.uasset" 701
"../../../../../Unreal Projects/KingSlayer/Content/KingSlayer/Textures/Sprites/Hero/Walk/walk_up_left.uasset" 702
"../../../../../Unreal Projects/KingSlayer/Content/KingSlayer/Textures/Sprites/Hero/Walk/walk_up_left_Hero_5.uasset" 703
"../../../../../Unreal Projects/KingSlayer/Content/KingSlayer/Textures/Sprites/Hero/Walk/walk_up_left_Hero_4.uasset" 704
"../../../../../Unreal Projects/KingSlayer/Content/KingSlayer/Textures/Sprites/Hero/Walk/walk_up_left_Hero_3.uasset" 705
"../../../../../Unreal Projects/KingSlayer/Content/KingSlayer/Textures/Sprites/Hero/Walk/walk_up_left_Hero_2.uasset" 706
"../../../../../Unreal Projects/KingSlayer/Content/KingSlayer/Textures/Sprites/Hero/Walk/walk_up_left_Hero_1.uasset" 707
"../../../../../Unreal Projects/KingSlayer/Content/KingSlayer/Textures/Sprites/Hero/Walk/walk_up_left_Hero_0.uasset" 708
"../../../../../Unreal Projects/KingSlayer/Content/KingSlayer/Textures/Sprites/Hero/Walk/FB_Hero_Walk_UpLeft.uasset" 709
"../../../../../Unreal Projects/KingSlayer/Content/KingSlayer/Textures/Sprites/Hero/Walk/walk_up.uasset" 710
"../../../../../Unreal Projects/KingSlayer/Content/KingSlayer/Textures/Sprites/Hero/Walk/walk_up_Hero_5.uasset" 711
"../../../../../Unreal Projects/KingSlayer/Content/KingSlayer/Textures/Sprites/Hero/Walk/walk_up_Hero_4.uasset" 712
"../../../../../Unreal Projects/KingSlayer/Content/KingSlayer/Textures/Sprites/Hero/Walk/walk_up_Hero_3.uasset" 713
"../../../../../Unreal Projects/KingSlayer/Content/KingSlayer/Textures/Sprites/Hero/Walk/walk_up_Hero_2.uasset" 714
"../../../../../Unreal Projects/KingSlayer/Content/KingSlayer/Textures/Sprites/Hero/Walk/walk_up_Hero_1.uasset" 715
"../../../../../Unreal Projects/KingSlayer/Content/KingSlayer/Textures/Sprites/Hero/Walk/walk_up_Hero_0.uasset" 716
"../../../../../Unreal Projects/KingSlayer/Content/KingSlayer/Textures/Sprites/Hero/Walk/FB_Hero_Walk_Up.uasset" 717
"../../../../../Unreal Projects/KingSlayer/Content/KingSlayer/Textures/Sprites/Hero/Walk/walk_right.uasset" 718
"../../../../../Unreal Projects/KingSlayer/Content/KingSlayer/Textures/Sprites/Hero/Walk/walk_right_Hero_5.uasset" 719
"../../../../../Unreal Projects/KingSlayer/Content/KingSlayer/Textures/Sprites/Hero/Walk/walk_right_Hero_4.uasset" 720
"../../../../../Unreal Projects/KingSlayer/Content/KingSlayer/Textures/Sprites/Hero/Walk/walk_right_Hero_3.uasset" 721
"../../../../../Unreal Projects/KingSlayer/Content/KingSlayer/Textures/Sprites/Hero/Walk/walk_right_Hero_2.uasset" 722
"../../../../../Unreal Projects/KingSlayer/Content/KingSlayer/Textures/Sprites/Hero/Walk/walk_right_Hero_1.uasset" 723
"../../../../../Unreal Projects/KingSlayer/Content/KingSlayer/Textures/Sprites/Hero/Walk/walk_right_Hero_0.uasset" 724
"../../../../../Unreal Projects/KingSlayer/Content/KingSlayer/Textures/Sprites/Hero/Walk/FB_Hero_Walk_Right.uasset" 725
"../../../../../Unreal Projects/KingSlayer/Content/KingSlayer/Textures/Sprites/Hero/Walk/walk_left.uasset" 726
"../../../../../Unreal Projects/KingSlayer/Content/KingSlayer/Textures/Sprites/Hero/Walk/walk_left_Hero_5.uasset" 727
"../../../../../Unreal Projects/KingSlayer/Content/KingSlayer/Textures/Sprites/Hero/Walk/walk_left_Hero_4.uasset" 728
"../../../../../Unreal Projects/KingSlayer/Content/KingSlayer/Textures/Sprites/Hero/Walk/walk_left_Hero_3.uasset" 729
"../../../../../Unreal Projects/KingSlayer/Content/KingSlayer/Textures/Sprites/Hero/Walk/walk_left_Hero_2.uasset" 730
"../../../../../Unreal Projects/KingSlayer/Content/KingSlayer/Textures/Sprites/Hero/Walk/walk_left_Hero_1.uasset" 731
"../../../../../Unreal Projects/KingSlayer/Content/KingSlayer/Textures/Sprites/Hero/Walk/walk_left_Hero_0.uasset" 732
"../../../../../Unreal Projects/KingSlayer/Content/KingSlayer/Textures/Sprites/Hero/Walk/FB_Hero_Walk_Left.uasset" 733
"../../../../../Unreal Projects/KingSlayer/Content/KingSlayer/Textures/Sprites/Hero/Walk/walk_down_right.uasset" 734
"../../../../../Unreal Projects/KingSlayer/Content/KingSlayer/Textures/Sprites/Hero/Walk/walk_down_right_Hero_5.uasset" 735
"../../../../../Unreal Projects/KingSlayer/Content/KingSlayer/Textures/Sprites/Hero/Walk/walk_down_right_Hero_4.uasset" 736
"../../../../../Unreal Projects/KingSlayer/Content/KingSlayer/Textures/Sprites/Hero/Walk/walk_down_right_Hero_3.uasset" 737
"../../../../../Unreal Projects/KingSlayer/Content/KingSlayer/Textures/Sprites/Hero/Walk/walk_down_right_Hero_2.uasset" 738
"../../../../../Unreal Projects/KingSlayer/Content/KingSlayer/Textures/Sprites/Hero/Walk/walk_down_right_Hero_1.uasset" 739
"../../../../../Unreal Projects/KingSlayer/Content/KingSlayer/Textures/Sprites/Hero/Walk/walk_down_right_Hero_0.uasset" 740
"../../../../../Unreal Projects/KingSlayer/Content/KingSlayer/Textures/Sprites/Hero/Walk/FB_Hero_Walk_DownRight.uasset" 741
"../../../../../Unreal Projects/KingSlayer/Content/KingSlayer/Textures/Sprites/Hero/Walk/walk_down_left.uasset" 742
"../../../../../Unreal Projects/KingSlayer/Content/KingSlayer/Textures/Sprites/Hero/Walk/walk_down_left_Hero_5.uasset" 743
"../../../../../Unreal Projects/KingSlayer/Content/KingSlayer/Textures/Sprites/Hero/Walk/walk_down_left_Hero_4.uasset" 744
"../../../../../Unreal Projects/KingSlayer/Content/KingSlayer/Textures/Sprites/Hero/Walk/walk_down_left_Hero_3.uasset" 745
"../../../../../Unreal Projects/KingSlayer/Content/KingSlayer/Textures/Sprites/Hero/Walk/walk_down_left_Hero_2.uasset" 746
"../../../../../Unreal Projects/KingSlayer/Content/KingSlayer/Textures/Sprites/Hero/Walk/walk_down_left_Hero_1.uasset" 747
"../../../../../Unreal Projects/KingSlayer/Content/KingSlayer/Textures/Sprites/Hero/Walk/walk_down_left_Hero_0.uasset" 748
"../../../../../Unreal Projects/KingSlayer/Content/KingSlayer/Textures/Sprites/Hero/Walk/FB_Hero_Walk_DownLeft.uasset" 749
"../../../../../Unreal Projects/KingSlayer/Content/KingSlayer/Textures/Sprites/Hero/Walk/walk_down.uasset" 750
"../../../../../Unreal Projects/KingSlayer/Content/KingSlayer/Textures/Sprites/Hero/Walk/walk_down_Hero_5.uasset" 751
"../../../../../Unreal Projects/KingSlayer/Content/KingSlayer/Textures/Sprites/Hero/Walk/walk_down_Hero_4.uasset" 752
"../../../../../Unreal Projects/KingSlayer/Content/KingSlayer/Textures/Sprites/Hero/Walk/walk_down_Hero_3.uasset" 753
"../../../../../Unreal Projects/KingSlayer/Content/KingSlayer/Textures/Sprites/Hero/Walk/walk_down_Hero_2.uasset" 754
"../../../../../Unreal Projects/KingSlayer/Content/KingSlayer/Textures/Sprites/Hero/Walk/walk_down_Hero_1.uasset" 755
"../../../../../Unreal Projects/KingSlayer/Content/KingSlayer/Textures/Sprites/Hero/Walk/walk_down_Hero_0.uasset" 756
"../../../../../Unreal Projects/KingSlayer/Content/KingSlayer/Textures/Sprites/Hero/Walk/FB_Hero_Walk_Down.uasset" 757
"../../../../../Unreal Projects/KingSlayer/Content/KingSlayer/Textures/Sprites/Hero/Run/run_up_right.uasset" 758
"../../../../../Unreal Projects/KingSlayer/Content/KingSlayer/Textures/Sprites/Hero/Run/run_up_right_Hero_5.uasset" 759
"../../../../../Unreal Projects/KingSlayer/Content/KingSlayer/Textures/Sprites/Hero/Run/run_up_right_Hero_4.uasset" 760
"../../../../../Unreal Projects/KingSlayer/Content/KingSlayer/Textures/Sprites/Hero/Run/run_up_right_Hero_3.uasset" 761
"../../../../../Unreal Projects/KingSlayer/Content/KingSlayer/Textures/Sprites/Hero/Run/run_up_right_Hero_2.uasset" 762
"../../../../../Unreal Projects/KingSlayer/Content/KingSlayer/Textures/Sprites/Hero/Run/run_up_right_Hero_1.uasset" 763
"../../../../../Unreal Projects/KingSlayer/Content/KingSlayer/Textures/Sprites/Hero/Run/run_up_right_Hero_0.uasset" 764
"../../../../../Unreal Projects/KingSlayer/Content/KingSlayer/Textures/Sprites/Hero/Run/FB_Hero_Run_UpRight.uasset" 765
"../../../../../Unreal Projects/KingSlayer/Content/KingSlayer/Textures/Sprites/Hero/Run/run_up_left.uasset" 766
"../../../../../Unreal Projects/KingSlayer/Content/KingSlayer/Textures/Sprites/Hero/Run/run_up_left_Hero_5.uasset" 767
"../../../../../Unreal Projects/KingSlayer/Content/KingSlayer/Textures/Sprites/Hero/Run/run_up_left_Hero_4.uasset" 768
"../../../../../Unreal Projects/KingSlayer/Content/KingSlayer/Textures/Sprites/Hero/Run/run_up_left_Hero_3.uasset" 769
"../../../../../Unreal Projects/KingSlayer/Content/KingSlayer/Textures/Sprites/Hero/Run/run_up_left_Hero_2.uasset" 770
"../../../../../Unreal Projects/KingSlayer/Content/KingSlayer/Textures/Sprites/Hero/Run/run_up_left_Hero_1.uasset" 771
"../../../../../Unreal Projects/KingSlayer/Content/KingSlayer/Textures/Sprites/Hero/Run/run_up_left_Hero_0.uasset" 772
"../../../../../Unreal Projects/KingSlayer/Content/KingSlayer/Textures/Sprites/Hero/Run/FB_Hero_Run_UpLeft.uasset" 773
"../../../../../Unreal Projects/KingSlayer/Content/KingSlayer/Textures/Sprites/Hero/Run/run_up.uasset" 774
"../../../../../Unreal Projects/KingSlayer/Content/KingSlayer/Textures/Sprites/Hero/Run/run_up_Hero_5.uasset" 775
"../../../../../Unreal Projects/KingSlayer/Content/KingSlayer/Textures/Sprites/Hero/Run/run_up_Hero_4.uasset" 776
"../../../../../Unreal Projects/KingSlayer/Content/KingSlayer/Textures/Sprites/Hero/Run/run_up_Hero_3.uasset" 777
"../../../../../Unreal Projects/KingSlayer/Content/KingSlayer/Textures/Sprites/Hero/Run/run_up_Hero_2.uasset" 778
"../../../../../Unreal Projects/KingSlayer/Content/KingSlayer/Textures/Sprites/Hero/Run/run_up_Hero_1.uasset" 779
"../../../../../Unreal Projects/KingSlayer/Content/KingSlayer/Textures/Sprites/Hero/Run/run_up_Hero_0.uasset" 780
"../../../../../Unreal Projects/KingSlayer/Content/KingSlayer/Textures/Sprites/Hero/Run/FB_Hero_Run_Up.uasset" 781
"../../../../../Unreal Projects/KingSlayer/Content/KingSlayer/Textures/Sprites/Hero/Run/run_right.uasset" 782
"../../../../../Unreal Projects/KingSlayer/Content/KingSlayer/Textures/Sprites/Hero/Run/run_right_Hero_5.uasset" 783
"../../../../../Unreal Projects/KingSlayer/Content/KingSlayer/Textures/Sprites/Hero/Run/run_right_Hero_4.uasset" 784
"../../../../../Unreal Projects/KingSlayer/Content/KingSlayer/Textures/Sprites/Hero/Run/run_right_Hero_3.uasset" 785
"../../../../../Unreal Projects/KingSlayer/Content/KingSlayer/Textures/Sprites/Hero/Run/run_right_Hero_2.uasset" 786
"../../../../../Unreal Projects/KingSlayer/Content/KingSlayer/Textures/Sprites/Hero/Run/run_right_Hero_1.uasset" 787
"../../../../../Unreal Projects/KingSlayer/Content/KingSlayer/Textures/Sprites/Hero/Run/run_right_Hero_0.uasset" 788
"../../../../../Unreal Projects/KingSlayer/Content/KingSlayer/Textures/Sprites/Hero/Run/FB_Hero_Run_Right.uasset" 789
"../../../../../Unreal Projects/KingSlayer/Content/KingSlayer/Textures/Sprites/Hero/Run/run_left.uasset" 790
"../../../../../Unreal Projects/KingSlayer/Content/KingSlayer/Textures/Sprites/Hero/Run/run_left_Hero_5.uasset" 791
"../../../../../Unreal Projects/KingSlayer/Content/KingSlayer/Textures/Sprites/Hero/Run/run_left_Hero_4.uasset" 792
"../../../../../Unreal Projects/KingSlayer/Content/KingSlayer/Textures/Sprites/Hero/Run/run_left_Hero_3.uasset" 793
"../../../../../Unreal Projects/KingSlayer/Content/KingSlayer/Textures/Sprites/Hero/Run/run_left_Hero_2.uasset" 794
"../../../../../Unreal Projects/KingSlayer/Content/KingSlayer/Textures/Sprites/Hero/Run/run_left_Hero_1.uasset" 795
"../../../../../Unreal Projects/KingSlayer/Content/KingSlayer/Textures/Sprites/Hero/Run/run_left_Hero_0.uasset" 796
"../../../../../Unreal Projects/KingSlayer/Content/KingSlayer/Textures/Sprites/Hero/Run/FB_Hero_Run_Left.uasset" 797
"../../../../../Unreal Projects/KingSlayer/Content/KingSlayer/Textures/Sprites/Hero/Run/run_down_right.uasset" 798
"../../../../../Unreal Projects/KingSlayer/Content/KingSlayer/Textures/Sprites/Hero/Run/run_down_right_Hero_5.uasset" 799
"../../../../../Unreal Projects/KingSlayer/Content/KingSlayer/Textures/Sprites/Hero/Run/run_down_right_Hero_4.uasset" 800
"../../../../../Unreal Projects/KingSlayer/Content/KingSlayer/Textures/Sprites/Hero/Run/run_down_right_Hero_3.uasset" 801
"../../../../../Unreal Projects/KingSlayer/Content/KingSlayer/Textures/Sprites/Hero/Run/run_down_right_Hero_2.uasset" 802
"../../../../../Unreal Projects/KingSlayer/Content/KingSlayer/Textures/Sprites/Hero/Run/run_down_right_Hero_1.uasset" 803
"../../../../../Unreal Projects/KingSlayer/Content/KingSlayer/Textures/Sprites/Hero/Run/run_down_right_Hero_0.uasset" 804
"../../../../../Unreal Projects/KingSlayer/Content/KingSlayer/Textures/Sprites/Hero/Run/FB_Hero_Run_DownRight.uasset" 805
"../../../../../Unreal Projects/KingSlayer/Content/KingSlayer/Textures/Sprites/Hero/Run/run_down.uasset" 806
"../../../../../Unreal Projects/KingSlayer/Content/KingSlayer/Textures/Sprites/Hero/Run/run_down_Hero_5.uasset" 807
"../../../../../Unreal Projects/KingSlayer/Content/KingSlayer/Textures/Sprites/Hero/Run/run_down_Hero_4.uasset" 808
"../../../../../Unreal Projects/KingSlayer/Content/KingSlayer/Textures/Sprites/Hero/Run/run_down_Hero_3.uasset" 809
"../../../../../Unreal Projects/KingSlayer/Content/KingSlayer/Textures/Sprites/Hero/Run/run_down_Hero_2.uasset" 810
"../../../../../Unreal Projects/KingSlayer/Content/KingSlayer/Textures/Sprites/Hero/Run/run_down_Hero_1.uasset" 811
"../../../../../Unreal Projects/KingSlayer/Content/KingSlayer/Textures/Sprites/Hero/Run/run_down_Hero_0.uasset" 812
"../../../../../Unreal Projects/KingSlayer/Content/KingSlayer/Textures/Sprites/Hero/Run/FB_Hero_Run_Down.uasset" 813
"../../../../../Unreal Projects/KingSlayer/Content/KingSlayer/Textures/Sprites/Hero/Run/run_down_left.uasset" 814
"../../../../../Unreal Projects/KingSlayer/Content/KingSlayer/Textures/Sprites/Hero/Run/run_down_left_Hero_5.uasset" 815
"../../../../../Unreal Projects/KingSlayer/Content/KingSlayer/Textures/Sprites/Hero/Run/run_down_left_Hero_4.uasset" 816
"../../../../../Unreal Projects/KingSlayer/Content/KingSlayer/Textures/Sprites/Hero/Run/run_down_left_Hero_3.uasset" 817
"../../../../../Unreal Projects/KingSlayer/Content/KingSlayer/Textures/Sprites/Hero/Run/run_down_left_Hero_2.uasset" 818
"../../../../../Unreal Projects/KingSlayer/Content/KingSlayer/Textures/Sprites/Hero/Run/run_down_left_Hero_1.uasset" 819
"../../../../../Unreal Projects/KingSlayer/Content/KingSlayer/Textures/Sprites/Hero/Run/run_down_left_Hero_0.uasset" 820
"../../../../../Unreal Projects/KingSlayer/Content/KingSlayer/Textures/Sprites/Hero/Run/FB_Hero_Run_DownLeft.uasset" 821
"../../../../../Unreal Projects/KingSlayer/Content/KingSlayer/Textures/Sprites/Hero/Jump/Jump_up_right.uasset" 822
"../../../../../Unreal Projects/KingSlayer/Content/KingSlayer/Textures/Sprites/Hero/Jump/Jump_up_right_Hero_9.uasset" 823
"../../../../../Unreal Projects/KingSlayer/Content/KingSlayer/Textures/Sprites/Hero/Jump/Jump_up_right_Hero_8.uasset" 824
"../../../../../Unreal Projects/KingSlayer/Content/KingSlayer/Textures/Sprites/Hero/Jump/Jump_up_right_Hero_7.uasset" 825
"../../../../../Unreal Projects/KingSlayer/Content/KingSlayer/Textures/Sprites/Hero/Jump/Jump_up_right_Hero_6.uasset" 826
"../../../../../Unreal Projects/KingSlayer/Content/KingSlayer/Textures/Sprites/Hero/Jump/Jump_up_right_Hero_5.uasset" 827
"../../../../../Unreal Projects/KingSlayer/Content/KingSlayer/Textures/Sprites/Hero/Jump/Jump_up_right_Hero_4.uasset" 828
"../../../../../Unreal Projects/KingSlayer/Content/KingSlayer/Textures/Sprites/Hero/Jump/Jump_up_right_Hero_3.uasset" 829
"../../../../../Unreal Projects/KingSlayer/Content/KingSlayer/Textures/Sprites/Hero/Jump/Jump_up_right_Hero_2.uasset" 830
"../../../../../Unreal Projects/KingSlayer/Content/KingSlayer/Textures/Sprites/Hero/Jump/Jump_up_right_Hero_1.uasset" 831
"../../../../../Unreal Projects/KingSlayer/Content/KingSlayer/Textures/Sprites/Hero/Jump/Jump_up_right_Hero_0.uasset" 832
"../../../../../Unreal Projects/KingSlayer/Content/KingSlayer/Textures/Sprites/Hero/Jump/FB_Hero_Jump_UpRight.uasset" 833
"../../../../../Unreal Projects/KingSlayer/Content/KingSlayer/Textures/Sprites/Hero/Idle/idle_up_right.uasset" 834
"../../../../../Unreal Projects/KingSlayer/Content/KingSlayer/Textures/Sprites/Hero/Idle/idle_up_right_Hero_8.uasset" 835
"../../../../../Unreal Projects/KingSlayer/Content/KingSlayer/Textures/Sprites/Hero/Idle/idle_up_right_Hero_7.uasset" 836
"../../../../../Unreal Projects/KingSlayer/Content/KingSlayer/Textures/Sprites/Hero/Idle/idle_up_right_Hero_6.uasset" 837
"../../../../../Unreal Projects/KingSlayer/Content/KingSlayer/Textures/Sprites/Hero/Idle/idle_up_right_Hero_5.uasset" 838
"../../../../../Unreal Projects/KingSlayer/Content/KingSlayer/Textures/Sprites/Hero/Idle/idle_up_right_Hero_4.uasset" 839
"../../../../../Unreal Projects/KingSlayer/Content/KingSlayer/Textures/Sprites/Hero/Idle/idle_up_right_Hero_3.uasset" 840
"../../../../../Unreal Projects/KingSlayer/Content/KingSlayer/Textures/Sprites/Hero/Idle/idle_up_right_Hero_2.uasset" 841
"../../../../../Unreal Projects/KingSlayer/Content/KingSlayer/Textures/Sprites/Hero/Idle/idle_up_right_Hero_1.uasset" 842
"../../../../../Unreal Projects/KingSlayer/Content/KingSlayer/Textures/Sprites/Hero/Idle/idle_up_right_Hero_0.uasset" 843
"../../../../../Unreal Projects/KingSlayer/Content/KingSlayer/Textures/Sprites/Hero/Idle/FB_Hero_Idle_UpRight.uasset" 844
"../../../../../Unreal Projects/KingSlayer/Content/KingSlayer/Textures/Sprites/Hero/Idle/idle_up_left.uasset" 845
"../../../../../Unreal Projects/KingSlayer/Content/KingSlayer/Textures/Sprites/Hero/Idle/idle_up_left_Hero_8.uasset" 846
"../../../../../Unreal Projects/KingSlayer/Content/KingSlayer/Textures/Sprites/Hero/Idle/idle_up_left_Hero_7.uasset" 847
"../../../../../Unreal Projects/KingSlayer/Content/KingSlayer/Textures/Sprites/Hero/Idle/idle_up_left_Hero_6.uasset" 848
"../../../../../Unreal Projects/KingSlayer/Content/KingSlayer/Textures/Sprites/Hero/Idle/idle_up_left_Hero_5.uasset" 849
"../../../../../Unreal Projects/KingSlayer/Content/KingSlayer/Textures/Sprites/Hero/Idle/idle_up_left_Hero_4.uasset" 850
"../../../../../Unreal Projects/KingSlayer/Content/KingSlayer/Textures/Sprites/Hero/Idle/idle_up_left_Hero_3.uasset" 851
"../../../../../Unreal Projects/KingSlayer/Content/KingSlayer/Textures/Sprites/Hero/Idle/idle_up_left_Hero_2.uasset" 852
"../../../../../Unreal Projects/KingSlayer/Content/KingSlayer/Textures/Sprites/Hero/Idle/idle_up_left_Hero_1.uasset" 853
"../../../../../Unreal Projects/KingSlayer/Content/KingSlayer/Textures/Sprites/Hero/Idle/idle_up_left_Hero_0.uasset" 854
"../../../../../Unreal Projects/KingSlayer/Content/KingSlayer/Textures/Sprites/Hero/Idle/FB_Hero_Idle_UpLeft.uasset" 855
"../../../../../Unreal Projects/KingSlayer/Content/KingSlayer/Textures/Sprites/Hero/Idle/idle_up.uasset" 856
"../../../../../Unreal Projects/KingSlayer/Content/KingSlayer/Textures/Sprites/Hero/Idle/idle_up_Hero_8.uasset" 857
"../../../../../Unreal Projects/KingSlayer/Content/KingSlayer/Textures/Sprites/Hero/Idle/idle_up_Hero_7.uasset" 858
"../../../../../Unreal Projects/KingSlayer/Content/KingSlayer/Textures/Sprites/Hero/Idle/idle_up_Hero_6.uasset" 859
"../../../../../Unreal Projects/KingSlayer/Content/KingSlayer/Textures/Sprites/Hero/Idle/idle_up_Hero_5.uasset" 860
"../../../../../Unreal Projects/KingSlayer/Content/KingSlayer/Textures/Sprites/Hero/Idle/idle_up_Hero_4.uasset" 861
"../../../../../Unreal Projects/KingSlayer/Content/KingSlayer/Textures/Sprites/Hero/Idle/idle_up_Hero_3.uasset" 862
"../../../../../Unreal Projects/KingSlayer/Content/KingSlayer/Textures/Sprites/Hero/Idle/idle_up_Hero_2.uasset" 863
"../../../../../Unreal Projects/KingSlayer/Content/KingSlayer/Textures/Sprites/Hero/Idle/idle_up_Hero_1.uasset" 864
"../../../../../Unreal Projects/KingSlayer/Content/KingSlayer/Textures/Sprites/Hero/Idle/idle_up_Hero_0.uasset" 865
"../../../../../Unreal Projects/KingSlayer/Content/KingSlayer/Textures/Sprites/Hero/Idle/FB_Hero_Idle_Up.uasset" 866
"../../../../../Unreal Projects/KingSlayer/Content/KingSlayer/Textures/Sprites/Hero/Idle/idle_right.uasset" 867
"../../../../../Unreal Projects/KingSlayer/Content/KingSlayer/Textures/Sprites/Hero/Idle/idle_right_Hero_8.uasset" 868
"../../../../../Unreal Projects/KingSlayer/Content/KingSlayer/Textures/Sprites/Hero/Idle/idle_right_Hero_7.uasset" 869
"../../../../../Unreal Projects/KingSlayer/Content/KingSlayer/Textures/Sprites/Hero/Idle/idle_right_Hero_6.uasset" 870
"../../../../../Unreal Projects/KingSlayer/Content/KingSlayer/Textures/Sprites/Hero/Idle/idle_right_Hero_5.uasset" 871
"../../../../../Unreal Projects/KingSlayer/Content/KingSlayer/Textures/Sprites/Hero/Idle/idle_right_Hero_4.uasset" 872
"../../../../../Unreal Projects/KingSlayer/Content/KingSlayer/Textures/Sprites/Hero/Idle/idle_right_Hero_3.uasset" 873
"../../../../../Unreal Projects/KingSlayer/Content/KingSlayer/Textures/Sprites/Hero/Idle/idle_right_Hero_2.uasset" 874
"../../../../../Unreal Projects/KingSlayer/Content/KingSlayer/Textures/Sprites/Hero/Idle/idle_right_Hero_1.uasset" 875
"../../../../../Unreal Projects/KingSlayer/Content/KingSlayer/Textures/Sprites/Hero/Idle/idle_right_Hero_0.uasset" 876
"../../../../../Unreal Projects/KingSlayer/Content/KingSlayer/Textures/Sprites/Hero/Idle/FB_Hero_Idle_Right.uasset" 877
"../../../../../Unreal Projects/KingSlayer/Content/KingSlayer/Textures/Sprites/Hero/Idle/idle_left.uasset" 878
"../../../../../Unreal Projects/KingSlayer/Content/KingSlayer/Textures/Sprites/Hero/Idle/idle_left_Hero_8.uasset" 879
"../../../../../Unreal Projects/KingSlayer/Content/KingSlayer/Textures/Sprites/Hero/Idle/idle_left_Hero_7.uasset" 880
"../../../../../Unreal Projects/KingSlayer/Content/KingSlayer/Textures/Sprites/Hero/Idle/idle_left_Hero_6.uasset" 881
"../../../../../Unreal Projects/KingSlayer/Content/KingSlayer/Textures/Sprites/Hero/Idle/idle_left_Hero_5.uasset" 882
"../../../../../Unreal Projects/KingSlayer/Content/KingSlayer/Textures/Sprites/Hero/Idle/idle_left_Hero_4.uasset" 883
"../../../../../Unreal Projects/KingSlayer/Content/KingSlayer/Textures/Sprites/Hero/Idle/idle_left_Hero_3.uasset" 884
"../../../../../Unreal Projects/KingSlayer/Content/KingSlayer/Textures/Sprites/Hero/Idle/idle_left_Hero_2.uasset" 885
"../../../../../Unreal Projects/KingSlayer/Content/KingSlayer/Textures/Sprites/Hero/Idle/idle_left_Hero_1.uasset" 886
"../../../../../Unreal Projects/KingSlayer/Content/KingSlayer/Textures/Sprites/Hero/Idle/idle_left_Hero_0.uasset" 887
"../../../../../Unreal Projects/KingSlayer/Content/KingSlayer/Textures/Sprites/Hero/Idle/FB_Hero_Idle_Left.uasset" 888
"../../../../../Unreal Projects/KingSlayer/Content/KingSlayer/Textures/Sprites/Hero/Idle/idle_down_right.uasset" 889
"../../../../../Unreal Projects/KingSlayer/Content/KingSlayer/Textures/Sprites/Hero/Idle/idle_down_right_Hero_8.uasset" 890
"../../../../../Unreal Projects/KingSlayer/Content/KingSlayer/Textures/Sprites/Hero/Idle/idle_down_right_Hero_7.uasset" 891
"../../../../../Unreal Projects/KingSlayer/Content/KingSlayer/Textures/Sprites/Hero/Idle/idle_down_right_Hero_6.uasset" 892
"../../../../../Unreal Projects/KingSlayer/Content/KingSlayer/Textures/Sprites/Hero/Idle/idle_down_right_Hero_5.uasset" 893
"../../../../../Unreal Projects/KingSlayer/Content/KingSlayer/Textures/Sprites/Hero/Idle/idle_down_right_Hero_4.uasset" 894
"../../../../../Unreal Projects/KingSlayer/Content/KingSlayer/Textures/Sprites/Hero/Idle/idle_down_right_Hero_3.uasset" 895
"../../../../../Unreal Projects/KingSlayer/Content/KingSlayer/Textures/Sprites/Hero/Idle/idle_down_right_Hero_2.uasset" 896
"../../../../../Unreal Projects/KingSlayer/Content/KingSlayer/Textures/Sprites/Hero/Idle/idle_down_right_Hero_1.uasset" 897
"../../../../../Unreal Projects/KingSlayer/Content/KingSlayer/Textures/Sprites/Hero/Idle/idle_down_right_Hero_0.uasset" 898
"../../../../../Unreal Projects/KingSlayer/Content/KingSlayer/Textures/Sprites/Hero/Idle/FB_Hero_Idle_DownRight.uasset" 899
"../../../../../Unreal Projects/KingSlayer/Content/KingSlayer/Textures/Sprites/Hero/Idle/idle_down_left.uasset" 900
"../../../../../Unreal Projects/KingSlayer/Content/KingSlayer/Textures/Sprites/Hero/Idle/idle_down_left_Hero_Idle_Down_Left_8.uasset" 901
"../../../../../Unreal Projects/KingSlayer/Content/KingSlayer/Textures/Sprites/Hero/Idle/idle_down_left_Hero_Idle_Down_Left_7.uasset" 902
"../../../../../Unreal Projects/KingSlayer/Content/KingSlayer/Textures/Sprites/Hero/Idle/idle_down_left_Hero_Idle_Down_Left_6.uasset" 903
"../../../../../Unreal Projects/KingSlayer/Content/KingSlayer/Textures/Sprites/Hero/Idle/idle_down_left_Hero_Idle_Down_Left_5.uasset" 904
"../../../../../Unreal Projects/KingSlayer/Content/KingSlayer/Textures/Sprites/Hero/Idle/idle_down_left_Hero_Idle_Down_Left_4.uasset" 905
"../../../../../Unreal Projects/KingSlayer/Content/KingSlayer/Textures/Sprites/Hero/Idle/idle_down_left_Hero_Idle_Down_Left_3.uasset" 906
"../../../../../Unreal Projects/KingSlayer/Content/KingSlayer/Textures/Sprites/Hero/Idle/idle_down_left_Hero_Idle_Down_Left_2.uasset" 907
"../../../../../Unreal Projects/KingSlayer/Content/KingSlayer/Textures/Sprites/Hero/Idle/idle_down_left_Hero_Idle_Down_Left_1.uasset" 908
"../../../../../Unreal Projects/KingSlayer/Content/KingSlayer/Textures/Sprites/Hero/Idle/idle_down_left_Hero_Idle_Down_Left_0.uasset" 909
"../../../../../Unreal Projects/KingSlayer/Content/KingSlayer/Textures/Sprites/Hero/Idle/FB_Hero_Idle_DownLeft.uasset" 910
"../../../../../Unreal Projects/KingSlayer/Content/KingSlayer/Textures/Sprites/Hero/Idle/idle_down.uasset" 911
"../../../../../Unreal Projects/KingSlayer/Content/KingSlayer/Textures/Sprites/Hero/Idle/idle_down_Hero_Idle_Down_8.uasset" 912
"../../../../../Unreal Projects/KingSlayer/Content/KingSlayer/Textures/Sprites/Hero/Idle/idle_down_Hero_Idle_Down_7.uasset" 913
"../../../../../Unreal Projects/KingSlayer/Content/KingSlayer/Textures/Sprites/Hero/Idle/idle_down_Hero_Idle_Down_6.uasset" 914
"../../../../../Unreal Projects/KingSlayer/Content/KingSlayer/Textures/Sprites/Hero/Idle/idle_down_Hero_Idle_Down_5.uasset" 915
"../../../../../Unreal Projects/KingSlayer/Content/KingSlayer/Textures/Sprites/Hero/Idle/idle_down_Hero_Idle_Down_4.uasset" 916
"../../../../../Unreal Projects/KingSlayer/Content/KingSlayer/Textures/Sprites/Hero/Idle/idle_down_Hero_Idle_Down_3.uasset" 917
"../../../../../Unreal Projects/KingSlayer/Content/KingSlayer/Textures/Sprites/Hero/Idle/idle_down_Hero_Idle_Down_2.uasset" 918
"../../../../../Unreal Projects/KingSlayer/Content/KingSlayer/Textures/Sprites/Hero/Idle/idle_down_Hero_Idle_Down_1.uasset" 919
"../../../../../Unreal Projects/KingSlayer/Content/KingSlayer/Textures/Sprites/Hero/Idle/idle_down_Hero_Idle_Down_0.uasset" 920
"../../../../../Unreal Projects/KingSlayer/Content/KingSlayer/Textures/Sprites/Hero/Idle/FB_Hero_Idle_Down.uasset" 921
"../../../../../Unreal Projects/KingSlayer/Content/KingSlayer/Data/HeroAnimationState.uasset" 922
"../../../../../Unreal Projects/KingSlayer/Content/KingSlayer/Blueprints/Player/BP_KSPlayer.uasset" 923
"../../../../../Unreal Projects/KingSlayer/Content/KingSlayer/Textures/Sprites/Environment/TileSet1_Sprite_35.uasset" 924
"../../../../../Unreal Projects/KingSlayer/Content/KingSlayer/Textures/Sprites/Environment/TileSet1_Sprite_0.uasset" 925
"../../../../../Unreal Projects/KingSlayer/Content/KingSlayer/Textures/Sprites/Environment/SpriteSheet_Environment_9.uasset" 926
"../../../../../Unreal Projects/KingSlayer/Content/KingSlayer/Textures/Sprites/Environment/SpriteSheet_Environment_7.uasset" 927
"../../../../../Unreal Projects/KingSlayer/Content/KingSlayer/Textures/Sprites/Environment/SpriteSheet_Environment_2.uasset" 928
"../../../../../Unreal Projects/KingSlayer/Content/KingSlayer/Textures/Sprites/Environment/SpriteSheet_Environment_3.uasset" 929
"../../../../../Unreal Projects/KingSlayer/Content/Geometry/Meshes/TemplateFloor.uasset" 930
"../../../../../Unreal Projects/KingSlayer/Content/KingSlayer/Textures/Sprites/Environment/SpriteSheet_Environment_1.uasset" 931
"../../../../../Unreal Projects/KingSlayer/Content/KingSlayer/Textures/Sprites/Environment/CastleTileset_Environment_1.uasset" 932
"../../../../../Unreal Projects/KingSlayer/Content/ThirdPersonBP/Maps/ThirdPersonExampleMap.umap" 933
"../../../Engine/Content/Maps/Entry_BuiltData.uasset" 934
"../../../Engine/Content/Maps/Entry.umap" 935
